#
# A fatal error has been detected by the Java Runtime Environment:
#
#  Internal Error (vmThread.cpp:649), pid=53785, tid=21763
#  fatal error: Nested VM operation CollectForMetadataAllocation requested by operation ChangeBreakpoints
#
# JRE version: Java(TM) SE Runtime Environment (10.0.2+13) (build 10.0.2+13)
# Java VM: Java HotSpot(TM) 64-Bit Server VM (10.0.2+13, mixed mode, tiered, compressed oops, g1 gc, bsd-amd64)
# No core dump will be written. Core dumps have been disabled. To enable core dumping, try "ulimit -c unlimited" before starting Java again
#
# If you would like to submit a bug report, please visit:
#   http://bugreport.java.com/bugreport/crash.jsp
#

---------------  S U M M A R Y ------------

Command Line: -agentlib:jdwp=transport=dt_socket,address=127.0.0.1:59086,suspend=y,server=n -ea -Didea.test.cyclic.buffer.size=1048576 -javaagent:/Users/axelbreiterman/Library/Caches/IntelliJIdea2019.1/captureAgent/debugger-agent.jar -Dfile.encoding=UTF-8 com.intellij.rt.execution.junit.JUnitStarter -ideVersion5 -junit5 com.axelynicky.menu_service.MenuServiceApplicationTests

Host: MacBookPro11,4 x86_64 2500 MHz, 8 cores, 16G, Darwin 19.3.0
Time: Wed Mar 18 23:48:04 2020 -03 elapsed time: 2 seconds (0d 0h 0m 2s)

---------------  T H R E A D  ---------------

Current thread (0x00007fcd8a804800):  VMThread "VM Thread" [stack: 0x00007000061f6000,0x00007000062f6000] [id=21763]

Stack: [0x00007000061f6000,0x00007000062f6000],  sp=0x00007000062f54d0,  free space=1021k
Native frames: (J=compiled Java code, A=aot compiled Java code, j=interpreted, Vv=VM code, C=native code)
V  [libjvm.dylib+0x799cb1]  VMError::report_and_die(int, char const*, char const*, __va_list_tag*, Thread*, unsigned char*, void*, void*, char const*, int, unsigned long)+0x4df
V  [libjvm.dylib+0x79a374]  VMError::report_and_die(Thread*, char const*, int, char const*, char const*, __va_list_tag*)+0x4a
V  [libjvm.dylib+0x28bd01]  report_fatal(char const*, int, char const*, ...)+0xc0
V  [libjvm.dylib+0x7a2fe3]  VMThread::execute(VM_Operation*)+0xb3
V  [libjvm.dylib+0x23eaf6]  CollectorPolicy::satisfy_failed_metadata_allocation(ClassLoaderData*, unsigned long, Metaspace::MetadataType)+0xb6
V  [libjvm.dylib+0x5e93ea]  Metaspace::allocate(ClassLoaderData*, unsigned long, MetaspaceObj::Type, Thread*)+0xac
V  [libjvm.dylib+0x5f6dca]  MethodCounters::allocate(methodHandle const&, Thread*)+0x3a
V  [libjvm.dylib+0x5f1940]  Method::build_method_counters(Method*, Thread*)+0x6a
V  [libjvm.dylib+0x1f4be3]  Method::get_method_counters(Thread*)+0x21
V  [libjvm.dylib+0x5f445d]  BreakpointInfo::set(Method*)+0x37
V  [libjvm.dylib+0x4dce85]  JvmtiBreakpoint::each_method_version_do(void (Method::*)(int))+0x4b
V  [libjvm.dylib+0x7a38d9]  VM_Operation::evaluate()+0xf1
V  [libjvm.dylib+0x7a2dc2]  VMThread::evaluate_operation(VM_Operation*)+0xd4
V  [libjvm.dylib+0x7a2a76]  VMThread::loop()+0x340
V  [libjvm.dylib+0x7a2649]  VMThread::run()+0x75
V  [libjvm.dylib+0x633a5f]  thread_native_entry(Thread*)+0x12b
C  [libsystem_pthread.dylib+0x5e65]  _pthread_start+0x94
C  [libsystem_pthread.dylib+0x183b]  thread_start+0xf

VM_Operation (0x0000700006d16a90): ChangeBreakpoints, mode: safepoint, requested by thread 0x00007fcd8c81d000


---------------  P R O C E S S  ---------------

Threads class SMR info:
_java_thread_list=0x00007fcd88cf8cd0, length=14, elements={
0x00007fcd8a803800, 0x00007fcd8d001800, 0x00007fcd8a0bb800, 0x00007fcd89009800,
0x00007fcd89000800, 0x00007fcd8d007000, 0x00007fcd8d00a000, 0x00007fcd8d00b000,
0x00007fcd8c822000, 0x00007fcd8c81d000, 0x00007fcd8a0bf000, 0x00007fcd8d0da000,
0x00007fcd8d114000, 0x00007fcd890cb000
}

Java Threads: ( => current thread )
  0x00007fcd8a803800 JavaThread "main" [_thread_blocked, id=5635, stack(0x0000700004cb7000,0x0000700004db7000)]
  0x00007fcd8d001800 JavaThread "Reference Handler" daemon [_thread_blocked, id=43011, stack(0x00007000062f9000,0x00007000063f9000)]
  0x00007fcd8a0bb800 JavaThread "Finalizer" daemon [_thread_blocked, id=22787, stack(0x00007000063fc000,0x00007000064fc000)]
  0x00007fcd89009800 JavaThread "Signal Dispatcher" daemon [_thread_blocked, id=40451, stack(0x0000700006605000,0x0000700006705000)]
  0x00007fcd89000800 JavaThread "C2 CompilerThread0" daemon [_thread_in_native, id=39683, stack(0x0000700006708000,0x0000700006808000)]
  0x00007fcd8d007000 JavaThread "C2 CompilerThread1" daemon [_thread_in_native, id=24579, stack(0x000070000680b000,0x000070000690b000)]
  0x00007fcd8d00a000 JavaThread "C2 CompilerThread2" daemon [_thread_in_native, id=25091, stack(0x000070000690e000,0x0000700006a0e000)]
  0x00007fcd8d00b000 JavaThread "C1 CompilerThread3" daemon [_thread_blocked, id=25603, stack(0x0000700006a11000,0x0000700006b11000)]
  0x00007fcd8c822000 JavaThread "Sweeper thread" daemon [_thread_blocked, id=38147, stack(0x0000700006b14000,0x0000700006c14000)]
  0x00007fcd8c81d000 JavaThread "JDWP Transport Listener: dt_socket" daemon [_thread_blocked, id=37635, stack(0x0000700006c17000,0x0000700006d17000)]
  0x00007fcd8a0bf000 JavaThread "JDWP Event Helper Thread" daemon [_thread_blocked, id=26371, stack(0x0000700006d1a000,0x0000700006e1a000)]
  0x00007fcd8d0da000 JavaThread "JDWP Command Reader" daemon [_thread_in_native, id=26883, stack(0x0000700006e1d000,0x0000700006f1d000)]
  0x00007fcd8d114000 JavaThread "Common-Cleaner" daemon [_thread_blocked, id=36099, stack(0x0000700006f20000,0x0000700007020000)]
  0x00007fcd890cb000 JavaThread "Service Thread" daemon [_thread_blocked, id=35331, stack(0x0000700007023000,0x0000700007123000)]

Other Threads:
=>0x00007fcd8a804800 VMThread "VM Thread" [stack: 0x00007000061f6000,0x00007000062f6000] [id=21763]
  0x00007fcd8a242000 WatcherThread [stack: 0x0000700007126000,0x0000700007226000] [id=35075]
  0x00007fcd8c805800 GCTaskThread "GC Thread#0" [stack: 0x0000700004dba000,0x0000700004eba000] [id=21507]
  0x00007fcd8c806800 GCTaskThread "GC Thread#1" [stack: 0x0000700004ebd000,0x0000700004fbd000] [id=11011]
  0x00007fcd8c807000 GCTaskThread "GC Thread#2" [stack: 0x0000700004fc0000,0x00007000050c0000] [id=20739]
  0x00007fcd8c808000 GCTaskThread "GC Thread#3" [stack: 0x00007000050c3000,0x00007000051c3000] [id=11523]
  0x00007fcd8d000000 GCTaskThread "GC Thread#4" [stack: 0x00007000051c6000,0x00007000052c6000] [id=20227]
  0x00007fcd8c000800 GCTaskThread "GC Thread#5" [stack: 0x00007000052c9000,0x00007000053c9000] [id=19715]
  0x00007fcd8c001800 GCTaskThread "GC Thread#6" [stack: 0x00007000053cc000,0x00007000054cc000] [id=19459]
  0x00007fcd8b800800 GCTaskThread "GC Thread#7" [stack: 0x00007000054cf000,0x00007000055cf000] [id=12035]
  0x00007fcd8a02e800 ConcurrentGCThread "G1 Main Marker" [stack: 0x00007000055d2000,0x00007000056d2000] [id=12291]
  0x00007fcd8a02f000 ConcurrentGCThread "G1 Conc#0" [stack: 0x00007000056d5000,0x00007000057d5000] [id=18691]
  0x00007fcd8a030000 ConcurrentGCThread "G1 Conc#1" [stack: 0x00007000057d8000,0x00007000058d8000] [id=18179]
  0x00007fcd8a0b0800 ConcurrentGCThread "G1 Refine#0" [stack: 0x00007000058db000,0x00007000059db000] [id=17667]
  0x00007fcd8c808800 ConcurrentGCThread "G1 Refine#1" [stack: 0x00007000059de000,0x0000700005ade000] [id=17155]
  0x00007fcd8b801800 ConcurrentGCThread "G1 Refine#2" [stack: 0x0000700005ae1000,0x0000700005be1000] [id=16643]
  0x00007fcd8d001000 ConcurrentGCThread "G1 Refine#3" [stack: 0x0000700005be4000,0x0000700005ce4000] [id=16387]
  0x00007fcd8c809800 ConcurrentGCThread "G1 Refine#4" [stack: 0x0000700005ce7000,0x0000700005de7000] [id=15875]
  0x00007fcd8c80a000 ConcurrentGCThread "G1 Refine#5" [stack: 0x0000700005dea000,0x0000700005eea000] [id=13827]
  0x00007fcd8c80b000 ConcurrentGCThread "G1 Refine#6" [stack: 0x0000700005eed000,0x0000700005fed000] [id=14339]
  0x00007fcd8c80b800 ConcurrentGCThread "G1 Refine#7" [stack: 0x0000700005ff0000,0x00007000060f0000] [id=14595]
  0x00007fcd8c80c800 ConcurrentGCThread "G1 Young RemSet Sampling" [stack: 0x00007000060f3000,0x00007000061f3000] [id=14851]

Threads with active compile tasks:
C2 CompilerThread03057   !   4       java.util.zip.InflaterInputStream::read (138 bytes)
C2 CompilerThread12156   !   4       jdk.internal.loader.BuiltinClassLoader::loadClassOrNull (143 bytes)
C2 CompilerThread22938       4       org.springframework.beans.factory.support.AbstractBeanFactory::isTypeMatch (607 bytes)
C1 CompilerThread33141       3       java.lang.reflect.ProxyGenerator::dotToSlash (9 bytes)

VM state:at safepoint (normal execution)

VM Mutex/Monitor currently owned by a thread:  ([mutex/lock_event])
[0x00007fcd8b002330] Threads_lock - owner thread: 0x00007fcd8a804800

Heap address: 0x00000006c0000000, size: 4096 MB, Compressed Oops mode: Zero based, Oop shift amount: 3
Narrow klass base: 0x0000000000000000, Narrow klass shift: 3
Compressed class space size: 1073741824 Address: 0x00000007c0000000

Heap:
 garbage-first heap   total 262144K, used 18776K [0x00000006c0000000, 0x00000007c0000000)
  region size 1024K, 13 young (13312K), 7 survivors (7168K)
 Metaspace       used 34527K, capacity 35446K, committed 35840K, reserved 1081344K
  class space    used 4008K, capacity 4376K, committed 4480K, reserved 1048576K
Heap Regions: E=young(eden), S=young(survivor), O=old, HS=humongous(starts), HC=humongous(continues), CS=collection set, F=free, A=archive, TS=gc time stamp, AC=allocation context, TAMS=top-at-mark-start (previous, next)
|   0|0x00000006c0000000, 0x00000006c0100000, 0x00000006c0100000|100%|HS|  |TS  0|AC  0|TAMS 0x00000006c0100000, 0x00000006c0100000|
|   1|0x00000006c0100000, 0x00000006c0200000, 0x00000006c0200000|100%| O|  |TS  0|AC  0|TAMS 0x00000006c0200000, 0x00000006c0200000|
|   2|0x00000006c0200000, 0x00000006c0300000, 0x00000006c0300000|100%| O|  |TS  0|AC  0|TAMS 0x00000006c0300000, 0x00000006c0300000|
|   3|0x00000006c0300000, 0x00000006c0400000, 0x00000006c0400000|100%| O|  |TS  1|AC  0|TAMS 0x00000006c03d2c00, 0x00000006c03d2c00|
|   4|0x00000006c0400000, 0x00000006c0500000, 0x00000006c0500000|100%| O|  |TS  1|AC  0|TAMS 0x00000006c0400000, 0x00000006c0400000|
|   5|0x00000006c0500000, 0x00000006c0600000, 0x00000006c0600000|100%| O|  |TS  1|AC  0|TAMS 0x00000006c0500000, 0x00000006c0500000|
|   6|0x00000006c0600000, 0x00000006c06bea00, 0x00000006c0700000| 74%| O|  |TS  2|AC  0|TAMS 0x00000006c0600000, 0x00000006c0600000|
|   7|0x00000006c0700000, 0x00000006c0700000, 0x00000006c0800000|  0%| F|  |TS  0|AC  0|TAMS 0x00000006c0700000, 0x00000006c0700000|
|   8|0x00000006c0800000, 0x00000006c0800000, 0x00000006c0900000|  0%| F|  |TS  0|AC  0|TAMS 0x00000006c0800000, 0x00000006c0800000|
|   9|0x00000006c0900000, 0x00000006c0900000, 0x00000006c0a00000|  0%| F|  |TS  0|AC  0|TAMS 0x00000006c0900000, 0x00000006c0900000|
|  10|0x00000006c0a00000, 0x00000006c0a00000, 0x00000006c0b00000|  0%| F|  |TS  0|AC  0|TAMS 0x00000006c0a00000, 0x00000006c0a00000|
|  11|0x00000006c0b00000, 0x00000006c0b00000, 0x00000006c0c00000|  0%| F|  |TS  0|AC  0|TAMS 0x00000006c0b00000, 0x00000006c0b00000|
|  12|0x00000006c0c00000, 0x00000006c0c00000, 0x00000006c0d00000|  0%| F|  |TS  0|AC  0|TAMS 0x00000006c0c00000, 0x00000006c0c00000|
|  13|0x00000006c0d00000, 0x00000006c0d00000, 0x00000006c0e00000|  0%| F|  |TS  0|AC  0|TAMS 0x00000006c0d00000, 0x00000006c0d00000|
|  14|0x00000006c0e00000, 0x00000006c0e00000, 0x00000006c0f00000|  0%| F|  |TS  0|AC  0|TAMS 0x00000006c0e00000, 0x00000006c0e00000|
|  15|0x00000006c0f00000, 0x00000006c0f00000, 0x00000006c1000000|  0%| F|  |TS  0|AC  0|TAMS 0x00000006c0f00000, 0x00000006c0f00000|
|  16|0x00000006c1000000, 0x00000006c1000000, 0x00000006c1100000|  0%| F|  |TS  0|AC  0|TAMS 0x00000006c1000000, 0x00000006c1000000|
|  17|0x00000006c1100000, 0x00000006c1100000, 0x00000006c1200000|  0%| F|  |TS  0|AC  0|TAMS 0x00000006c1100000, 0x00000006c1100000|
|  18|0x00000006c1200000, 0x00000006c1200000, 0x00000006c1300000|  0%| F|  |TS  0|AC  0|TAMS 0x00000006c1200000, 0x00000006c1200000|
|  19|0x00000006c1300000, 0x00000006c1300000, 0x00000006c1400000|  0%| F|  |TS  0|AC  0|TAMS 0x00000006c1300000, 0x00000006c1300000|
|  20|0x00000006c1400000, 0x00000006c1400000, 0x00000006c1500000|  0%| F|  |TS  0|AC  0|TAMS 0x00000006c1400000, 0x00000006c1400000|
|  21|0x00000006c1500000, 0x00000006c1500000, 0x00000006c1600000|  0%| F|  |TS  0|AC  0|TAMS 0x00000006c1500000, 0x00000006c1500000|
|  22|0x00000006c1600000, 0x00000006c1600000, 0x00000006c1700000|  0%| F|  |TS  0|AC  0|TAMS 0x00000006c1600000, 0x00000006c1600000|
|  23|0x00000006c1700000, 0x00000006c1700000, 0x00000006c1800000|  0%| F|  |TS  0|AC  0|TAMS 0x00000006c1700000, 0x00000006c1700000|
|  24|0x00000006c1800000, 0x00000006c1800000, 0x00000006c1900000|  0%| F|  |TS  0|AC  0|TAMS 0x00000006c1800000, 0x00000006c1800000|
|  25|0x00000006c1900000, 0x00000006c1900000, 0x00000006c1a00000|  0%| F|  |TS  0|AC  0|TAMS 0x00000006c1900000, 0x00000006c1900000|
|  26|0x00000006c1a00000, 0x00000006c1a00000, 0x00000006c1b00000|  0%| F|  |TS  0|AC  0|TAMS 0x00000006c1a00000, 0x00000006c1a00000|
|  27|0x00000006c1b00000, 0x00000006c1b00000, 0x00000006c1c00000|  0%| F|  |TS  0|AC  0|TAMS 0x00000006c1b00000, 0x00000006c1b00000|
|  28|0x00000006c1c00000, 0x00000006c1c00000, 0x00000006c1d00000|  0%| F|  |TS  0|AC  0|TAMS 0x00000006c1c00000, 0x00000006c1c00000|
|  29|0x00000006c1d00000, 0x00000006c1d00000, 0x00000006c1e00000|  0%| F|  |TS  0|AC  0|TAMS 0x00000006c1d00000, 0x00000006c1d00000|
|  30|0x00000006c1e00000, 0x00000006c1e00000, 0x00000006c1f00000|  0%| F|  |TS  0|AC  0|TAMS 0x00000006c1e00000, 0x00000006c1e00000|
|  31|0x00000006c1f00000, 0x00000006c1f00000, 0x00000006c2000000|  0%| F|  |TS  0|AC  0|TAMS 0x00000006c1f00000, 0x00000006c1f00000|
|  32|0x00000006c2000000, 0x00000006c2000000, 0x00000006c2100000|  0%| F|  |TS  0|AC  0|TAMS 0x00000006c2000000, 0x00000006c2000000|
|  33|0x00000006c2100000, 0x00000006c2100000, 0x00000006c2200000|  0%| F|  |TS  0|AC  0|TAMS 0x00000006c2100000, 0x00000006c2100000|
|  34|0x00000006c2200000, 0x00000006c2200000, 0x00000006c2300000|  0%| F|  |TS  0|AC  0|TAMS 0x00000006c2200000, 0x00000006c2200000|
|  35|0x00000006c2300000, 0x00000006c2300000, 0x00000006c2400000|  0%| F|  |TS  0|AC  0|TAMS 0x00000006c2300000, 0x00000006c2300000|
|  36|0x00000006c2400000, 0x00000006c2400000, 0x00000006c2500000|  0%| F|  |TS  0|AC  0|TAMS 0x00000006c2400000, 0x00000006c2400000|
|  37|0x00000006c2500000, 0x00000006c2500000, 0x00000006c2600000|  0%| F|  |TS  0|AC  0|TAMS 0x00000006c2500000, 0x00000006c2500000|
|  38|0x00000006c2600000, 0x00000006c2600000, 0x00000006c2700000|  0%| F|  |TS  0|AC  0|TAMS 0x00000006c2600000, 0x00000006c2600000|
|  39|0x00000006c2700000, 0x00000006c2700000, 0x00000006c2800000|  0%| F|  |TS  0|AC  0|TAMS 0x00000006c2700000, 0x00000006c2700000|
|  40|0x00000006c2800000, 0x00000006c2800000, 0x00000006c2900000|  0%| F|  |TS  0|AC  0|TAMS 0x00000006c2800000, 0x00000006c2800000|
|  41|0x00000006c2900000, 0x00000006c2900000, 0x00000006c2a00000|  0%| F|  |TS  0|AC  0|TAMS 0x00000006c2900000, 0x00000006c2900000|
|  42|0x00000006c2a00000, 0x00000006c2a00000, 0x00000006c2b00000|  0%| F|  |TS  0|AC  0|TAMS 0x00000006c2a00000, 0x00000006c2a00000|
|  43|0x00000006c2b00000, 0x00000006c2b00000, 0x00000006c2c00000|  0%| F|  |TS  0|AC  0|TAMS 0x00000006c2b00000, 0x00000006c2b00000|
|  44|0x00000006c2c00000, 0x00000006c2c00000, 0x00000006c2d00000|  0%| F|  |TS  0|AC  0|TAMS 0x00000006c2c00000, 0x00000006c2c00000|
|  45|0x00000006c2d00000, 0x00000006c2d00000, 0x00000006c2e00000|  0%| F|  |TS  0|AC  0|TAMS 0x00000006c2d00000, 0x00000006c2d00000|
|  46|0x00000006c2e00000, 0x00000006c2e00000, 0x00000006c2f00000|  0%| F|  |TS  0|AC  0|TAMS 0x00000006c2e00000, 0x00000006c2e00000|
|  47|0x00000006c2f00000, 0x00000006c2f00000, 0x00000006c3000000|  0%| F|  |TS  0|AC  0|TAMS 0x00000006c2f00000, 0x00000006c2f00000|
|  48|0x00000006c3000000, 0x00000006c3000000, 0x00000006c3100000|  0%| F|  |TS  0|AC  0|TAMS 0x00000006c3000000, 0x00000006c3000000|
|  49|0x00000006c3100000, 0x00000006c3100000, 0x00000006c3200000|  0%| F|  |TS  0|AC  0|TAMS 0x00000006c3100000, 0x00000006c3100000|
|  50|0x00000006c3200000, 0x00000006c3200000, 0x00000006c3300000|  0%| F|  |TS  0|AC  0|TAMS 0x00000006c3200000, 0x00000006c3200000|
|  51|0x00000006c3300000, 0x00000006c3300000, 0x00000006c3400000|  0%| F|  |TS  0|AC  0|TAMS 0x00000006c3300000, 0x00000006c3300000|
|  52|0x00000006c3400000, 0x00000006c3400000, 0x00000006c3500000|  0%| F|  |TS  0|AC  0|TAMS 0x00000006c3400000, 0x00000006c3400000|
|  53|0x00000006c3500000, 0x00000006c3500000, 0x00000006c3600000|  0%| F|  |TS  0|AC  0|TAMS 0x00000006c3500000, 0x00000006c3500000|
|  54|0x00000006c3600000, 0x00000006c3600000, 0x00000006c3700000|  0%| F|  |TS  0|AC  0|TAMS 0x00000006c3600000, 0x00000006c3600000|
|  55|0x00000006c3700000, 0x00000006c3700000, 0x00000006c3800000|  0%| F|  |TS  0|AC  0|TAMS 0x00000006c3700000, 0x00000006c3700000|
|  56|0x00000006c3800000, 0x00000006c3800000, 0x00000006c3900000|  0%| F|  |TS  0|AC  0|TAMS 0x00000006c3800000, 0x00000006c3800000|
|  57|0x00000006c3900000, 0x00000006c3900000, 0x00000006c3a00000|  0%| F|  |TS  0|AC  0|TAMS 0x00000006c3900000, 0x00000006c3900000|
|  58|0x00000006c3a00000, 0x00000006c3a00000, 0x00000006c3b00000|  0%| F|  |TS  0|AC  0|TAMS 0x00000006c3a00000, 0x00000006c3a00000|
|  59|0x00000006c3b00000, 0x00000006c3b00000, 0x00000006c3c00000|  0%| F|  |TS  0|AC  0|TAMS 0x00000006c3b00000, 0x00000006c3b00000|
|  60|0x00000006c3c00000, 0x00000006c3c00000, 0x00000006c3d00000|  0%| F|  |TS  0|AC  0|TAMS 0x00000006c3c00000, 0x00000006c3c00000|
|  61|0x00000006c3d00000, 0x00000006c3d00000, 0x00000006c3e00000|  0%| F|  |TS  0|AC  0|TAMS 0x00000006c3d00000, 0x00000006c3d00000|
|  62|0x00000006c3e00000, 0x00000006c3e00000, 0x00000006c3f00000|  0%| F|  |TS  0|AC  0|TAMS 0x00000006c3e00000, 0x00000006c3e00000|
|  63|0x00000006c3f00000, 0x00000006c3f00000, 0x00000006c4000000|  0%| F|  |TS  0|AC  0|TAMS 0x00000006c3f00000, 0x00000006c3f00000|
|  64|0x00000006c4000000, 0x00000006c4000000, 0x00000006c4100000|  0%| F|  |TS  0|AC  0|TAMS 0x00000006c4000000, 0x00000006c4000000|
|  65|0x00000006c4100000, 0x00000006c4100000, 0x00000006c4200000|  0%| F|  |TS  0|AC  0|TAMS 0x00000006c4100000, 0x00000006c4100000|
|  66|0x00000006c4200000, 0x00000006c4200000, 0x00000006c4300000|  0%| F|  |TS  0|AC  0|TAMS 0x00000006c4200000, 0x00000006c4200000|
|  67|0x00000006c4300000, 0x00000006c4300000, 0x00000006c4400000|  0%| F|  |TS  0|AC  0|TAMS 0x00000006c4300000, 0x00000006c4300000|
|  68|0x00000006c4400000, 0x00000006c4400000, 0x00000006c4500000|  0%| F|  |TS  0|AC  0|TAMS 0x00000006c4400000, 0x00000006c4400000|
|  69|0x00000006c4500000, 0x00000006c4500000, 0x00000006c4600000|  0%| F|  |TS  0|AC  0|TAMS 0x00000006c4500000, 0x00000006c4500000|
|  70|0x00000006c4600000, 0x00000006c4600000, 0x00000006c4700000|  0%| F|  |TS  0|AC  0|TAMS 0x00000006c4600000, 0x00000006c4600000|
|  71|0x00000006c4700000, 0x00000006c4700000, 0x00000006c4800000|  0%| F|  |TS  0|AC  0|TAMS 0x00000006c4700000, 0x00000006c4700000|
|  72|0x00000006c4800000, 0x00000006c4800000, 0x00000006c4900000|  0%| F|  |TS  0|AC  0|TAMS 0x00000006c4800000, 0x00000006c4800000|
|  73|0x00000006c4900000, 0x00000006c4900000, 0x00000006c4a00000|  0%| F|  |TS  0|AC  0|TAMS 0x00000006c4900000, 0x00000006c4900000|
|  74|0x00000006c4a00000, 0x00000006c4a00000, 0x00000006c4b00000|  0%| F|  |TS  0|AC  0|TAMS 0x00000006c4a00000, 0x00000006c4a00000|
|  75|0x00000006c4b00000, 0x00000006c4b00000, 0x00000006c4c00000|  0%| F|  |TS  0|AC  0|TAMS 0x00000006c4b00000, 0x00000006c4b00000|
|  76|0x00000006c4c00000, 0x00000006c4c00000, 0x00000006c4d00000|  0%| F|  |TS  0|AC  0|TAMS 0x00000006c4c00000, 0x00000006c4c00000|
|  77|0x00000006c4d00000, 0x00000006c4d00000, 0x00000006c4e00000|  0%| F|  |TS  0|AC  0|TAMS 0x00000006c4d00000, 0x00000006c4d00000|
|  78|0x00000006c4e00000, 0x00000006c4e00000, 0x00000006c4f00000|  0%| F|  |TS  0|AC  0|TAMS 0x00000006c4e00000, 0x00000006c4e00000|
|  79|0x00000006c4f00000, 0x00000006c4f00000, 0x00000006c5000000|  0%| F|  |TS  0|AC  0|TAMS 0x00000006c4f00000, 0x00000006c4f00000|
|  80|0x00000006c5000000, 0x00000006c5000000, 0x00000006c5100000|  0%| F|  |TS  0|AC  0|TAMS 0x00000006c5000000, 0x00000006c5000000|
|  81|0x00000006c5100000, 0x00000006c5100000, 0x00000006c5200000|  0%| F|  |TS  0|AC  0|TAMS 0x00000006c5100000, 0x00000006c5100000|
|  82|0x00000006c5200000, 0x00000006c5200000, 0x00000006c5300000|  0%| F|  |TS  0|AC  0|TAMS 0x00000006c5200000, 0x00000006c5200000|
|  83|0x00000006c5300000, 0x00000006c5300000, 0x00000006c5400000|  0%| F|  |TS  0|AC  0|TAMS 0x00000006c5300000, 0x00000006c5300000|
|  84|0x00000006c5400000, 0x00000006c5400000, 0x00000006c5500000|  0%| F|  |TS  0|AC  0|TAMS 0x00000006c5400000, 0x00000006c5400000|
|  85|0x00000006c5500000, 0x00000006c5500000, 0x00000006c5600000|  0%| F|  |TS  0|AC  0|TAMS 0x00000006c5500000, 0x00000006c5500000|
|  86|0x00000006c5600000, 0x00000006c5600000, 0x00000006c5700000|  0%| F|  |TS  0|AC  0|TAMS 0x00000006c5600000, 0x00000006c5600000|
|  87|0x00000006c5700000, 0x00000006c5700000, 0x00000006c5800000|  0%| F|  |TS  0|AC  0|TAMS 0x00000006c5700000, 0x00000006c5700000|
|  88|0x00000006c5800000, 0x00000006c5800000, 0x00000006c5900000|  0%| F|  |TS  0|AC  0|TAMS 0x00000006c5800000, 0x00000006c5800000|
|  89|0x00000006c5900000, 0x00000006c5900000, 0x00000006c5a00000|  0%| F|  |TS  0|AC  0|TAMS 0x00000006c5900000, 0x00000006c5900000|
|  90|0x00000006c5a00000, 0x00000006c5a00000, 0x00000006c5b00000|  0%| F|  |TS  0|AC  0|TAMS 0x00000006c5a00000, 0x00000006c5a00000|
|  91|0x00000006c5b00000, 0x00000006c5b00000, 0x00000006c5c00000|  0%| F|  |TS  0|AC  0|TAMS 0x00000006c5b00000, 0x00000006c5b00000|
|  92|0x00000006c5c00000, 0x00000006c5c00000, 0x00000006c5d00000|  0%| F|  |TS  0|AC  0|TAMS 0x00000006c5c00000, 0x00000006c5c00000|
|  93|0x00000006c5d00000, 0x00000006c5d00000, 0x00000006c5e00000|  0%| F|  |TS  0|AC  0|TAMS 0x00000006c5d00000, 0x00000006c5d00000|
|  94|0x00000006c5e00000, 0x00000006c5e00000, 0x00000006c5f00000|  0%| F|  |TS  0|AC  0|TAMS 0x00000006c5e00000, 0x00000006c5e00000|
|  95|0x00000006c5f00000, 0x00000006c5f00000, 0x00000006c6000000|  0%| F|  |TS  0|AC  0|TAMS 0x00000006c5f00000, 0x00000006c5f00000|
|  96|0x00000006c6000000, 0x00000006c6000000, 0x00000006c6100000|  0%| F|  |TS  0|AC  0|TAMS 0x00000006c6000000, 0x00000006c6000000|
|  97|0x00000006c6100000, 0x00000006c6100000, 0x00000006c6200000|  0%| F|  |TS  0|AC  0|TAMS 0x00000006c6100000, 0x00000006c6100000|
|  98|0x00000006c6200000, 0x00000006c6200000, 0x00000006c6300000|  0%| F|  |TS  0|AC  0|TAMS 0x00000006c6200000, 0x00000006c6200000|
|  99|0x00000006c6300000, 0x00000006c6300000, 0x00000006c6400000|  0%| F|  |TS  0|AC  0|TAMS 0x00000006c6300000, 0x00000006c6300000|
| 100|0x00000006c6400000, 0x00000006c6400000, 0x00000006c6500000|  0%| F|  |TS  0|AC  0|TAMS 0x00000006c6400000, 0x00000006c6400000|
| 101|0x00000006c6500000, 0x00000006c6500000, 0x00000006c6600000|  0%| F|  |TS  0|AC  0|TAMS 0x00000006c6500000, 0x00000006c6500000|
| 102|0x00000006c6600000, 0x00000006c6600000, 0x00000006c6700000|  0%| F|  |TS  0|AC  0|TAMS 0x00000006c6600000, 0x00000006c6600000|
| 103|0x00000006c6700000, 0x00000006c6700000, 0x00000006c6800000|  0%| F|  |TS  0|AC  0|TAMS 0x00000006c6700000, 0x00000006c6700000|
| 104|0x00000006c6800000, 0x00000006c6800000, 0x00000006c6900000|  0%| F|  |TS  0|AC  0|TAMS 0x00000006c6800000, 0x00000006c6800000|
| 105|0x00000006c6900000, 0x00000006c6900000, 0x00000006c6a00000|  0%| F|  |TS  0|AC  0|TAMS 0x00000006c6900000, 0x00000006c6900000|
| 106|0x00000006c6a00000, 0x00000006c6a00000, 0x00000006c6b00000|  0%| F|  |TS  0|AC  0|TAMS 0x00000006c6a00000, 0x00000006c6a00000|
| 107|0x00000006c6b00000, 0x00000006c6b00000, 0x00000006c6c00000|  0%| F|  |TS  0|AC  0|TAMS 0x00000006c6b00000, 0x00000006c6b00000|
| 108|0x00000006c6c00000, 0x00000006c6c00000, 0x00000006c6d00000|  0%| F|  |TS  0|AC  0|TAMS 0x00000006c6c00000, 0x00000006c6c00000|
| 109|0x00000006c6d00000, 0x00000006c6d00000, 0x00000006c6e00000|  0%| F|  |TS  0|AC  0|TAMS 0x00000006c6d00000, 0x00000006c6d00000|
| 110|0x00000006c6e00000, 0x00000006c6e00000, 0x00000006c6f00000|  0%| F|  |TS  0|AC  0|TAMS 0x00000006c6e00000, 0x00000006c6e00000|
| 111|0x00000006c6f00000, 0x00000006c6f00000, 0x00000006c7000000|  0%| F|  |TS  0|AC  0|TAMS 0x00000006c6f00000, 0x00000006c6f00000|
| 112|0x00000006c7000000, 0x00000006c7000000, 0x00000006c7100000|  0%| F|  |TS  0|AC  0|TAMS 0x00000006c7000000, 0x00000006c7000000|
| 113|0x00000006c7100000, 0x00000006c7100000, 0x00000006c7200000|  0%| F|  |TS  0|AC  0|TAMS 0x00000006c7100000, 0x00000006c7100000|
| 114|0x00000006c7200000, 0x00000006c7200000, 0x00000006c7300000|  0%| F|  |TS  0|AC  0|TAMS 0x00000006c7200000, 0x00000006c7200000|
| 115|0x00000006c7300000, 0x00000006c7300000, 0x00000006c7400000|  0%| F|  |TS  0|AC  0|TAMS 0x00000006c7300000, 0x00000006c7300000|
| 116|0x00000006c7400000, 0x00000006c7400000, 0x00000006c7500000|  0%| F|  |TS  0|AC  0|TAMS 0x00000006c7400000, 0x00000006c7400000|
| 117|0x00000006c7500000, 0x00000006c7500000, 0x00000006c7600000|  0%| F|  |TS  0|AC  0|TAMS 0x00000006c7500000, 0x00000006c7500000|
| 118|0x00000006c7600000, 0x00000006c7600000, 0x00000006c7700000|  0%| F|  |TS  0|AC  0|TAMS 0x00000006c7600000, 0x00000006c7600000|
| 119|0x00000006c7700000, 0x00000006c7700000, 0x00000006c7800000|  0%| F|  |TS  0|AC  0|TAMS 0x00000006c7700000, 0x00000006c7700000|
| 120|0x00000006c7800000, 0x00000006c7800000, 0x00000006c7900000|  0%| F|  |TS  0|AC  0|TAMS 0x00000006c7800000, 0x00000006c7800000|
| 121|0x00000006c7900000, 0x00000006c7900000, 0x00000006c7a00000|  0%| F|  |TS  0|AC  0|TAMS 0x00000006c7900000, 0x00000006c7900000|
| 122|0x00000006c7a00000, 0x00000006c7a00000, 0x00000006c7b00000|  0%| F|  |TS  0|AC  0|TAMS 0x00000006c7a00000, 0x00000006c7a00000|
| 123|0x00000006c7b00000, 0x00000006c7b00000, 0x00000006c7c00000|  0%| F|  |TS  0|AC  0|TAMS 0x00000006c7b00000, 0x00000006c7b00000|
| 124|0x00000006c7c00000, 0x00000006c7c00000, 0x00000006c7d00000|  0%| F|  |TS  0|AC  0|TAMS 0x00000006c7c00000, 0x00000006c7c00000|
| 125|0x00000006c7d00000, 0x00000006c7d00000, 0x00000006c7e00000|  0%| F|  |TS  0|AC  0|TAMS 0x00000006c7d00000, 0x00000006c7d00000|
| 126|0x00000006c7e00000, 0x00000006c7e00000, 0x00000006c7f00000|  0%| F|  |TS  0|AC  0|TAMS 0x00000006c7e00000, 0x00000006c7e00000|
| 127|0x00000006c7f00000, 0x00000006c7f00000, 0x00000006c8000000|  0%| F|  |TS  0|AC  0|TAMS 0x00000006c7f00000, 0x00000006c7f00000|
| 128|0x00000006c8000000, 0x00000006c8000000, 0x00000006c8100000|  0%| F|  |TS  0|AC  0|TAMS 0x00000006c8000000, 0x00000006c8000000|
| 129|0x00000006c8100000, 0x00000006c8100000, 0x00000006c8200000|  0%| F|  |TS  0|AC  0|TAMS 0x00000006c8100000, 0x00000006c8100000|
| 130|0x00000006c8200000, 0x00000006c8200000, 0x00000006c8300000|  0%| F|  |TS  0|AC  0|TAMS 0x00000006c8200000, 0x00000006c8200000|
| 131|0x00000006c8300000, 0x00000006c8300000, 0x00000006c8400000|  0%| F|  |TS  0|AC  0|TAMS 0x00000006c8300000, 0x00000006c8300000|
| 132|0x00000006c8400000, 0x00000006c8400000, 0x00000006c8500000|  0%| F|  |TS  0|AC  0|TAMS 0x00000006c8400000, 0x00000006c8400000|
| 133|0x00000006c8500000, 0x00000006c8500000, 0x00000006c8600000|  0%| F|  |TS  0|AC  0|TAMS 0x00000006c8500000, 0x00000006c8500000|
| 134|0x00000006c8600000, 0x00000006c8600000, 0x00000006c8700000|  0%| F|  |TS  0|AC  0|TAMS 0x00000006c8600000, 0x00000006c8600000|
| 135|0x00000006c8700000, 0x00000006c8700000, 0x00000006c8800000|  0%| F|  |TS  0|AC  0|TAMS 0x00000006c8700000, 0x00000006c8700000|
| 136|0x00000006c8800000, 0x00000006c8800000, 0x00000006c8900000|  0%| F|  |TS  0|AC  0|TAMS 0x00000006c8800000, 0x00000006c8800000|
| 137|0x00000006c8900000, 0x00000006c8900000, 0x00000006c8a00000|  0%| F|  |TS  0|AC  0|TAMS 0x00000006c8900000, 0x00000006c8900000|
| 138|0x00000006c8a00000, 0x00000006c8a00000, 0x00000006c8b00000|  0%| F|  |TS  0|AC  0|TAMS 0x00000006c8a00000, 0x00000006c8a00000|
| 139|0x00000006c8b00000, 0x00000006c8b00000, 0x00000006c8c00000|  0%| F|  |TS  0|AC  0|TAMS 0x00000006c8b00000, 0x00000006c8b00000|
| 140|0x00000006c8c00000, 0x00000006c8c00000, 0x00000006c8d00000|  0%| F|  |TS  0|AC  0|TAMS 0x00000006c8c00000, 0x00000006c8c00000|
| 141|0x00000006c8d00000, 0x00000006c8d00000, 0x00000006c8e00000|  0%| F|  |TS  0|AC  0|TAMS 0x00000006c8d00000, 0x00000006c8d00000|
| 142|0x00000006c8e00000, 0x00000006c8e00000, 0x00000006c8f00000|  0%| F|  |TS  0|AC  0|TAMS 0x00000006c8e00000, 0x00000006c8e00000|
| 143|0x00000006c8f00000, 0x00000006c8f00000, 0x00000006c9000000|  0%| F|  |TS  0|AC  0|TAMS 0x00000006c8f00000, 0x00000006c8f00000|
| 144|0x00000006c9000000, 0x00000006c9000000, 0x00000006c9100000|  0%| F|  |TS  0|AC  0|TAMS 0x00000006c9000000, 0x00000006c9000000|
| 145|0x00000006c9100000, 0x00000006c9100000, 0x00000006c9200000|  0%| F|  |TS  0|AC  0|TAMS 0x00000006c9100000, 0x00000006c9100000|
| 146|0x00000006c9200000, 0x00000006c9200000, 0x00000006c9300000|  0%| F|  |TS  0|AC  0|TAMS 0x00000006c9200000, 0x00000006c9200000|
| 147|0x00000006c9300000, 0x00000006c9300000, 0x00000006c9400000|  0%| F|  |TS  0|AC  0|TAMS 0x00000006c9300000, 0x00000006c9300000|
| 148|0x00000006c9400000, 0x00000006c9400000, 0x00000006c9500000|  0%| F|  |TS  0|AC  0|TAMS 0x00000006c9400000, 0x00000006c9400000|
| 149|0x00000006c9500000, 0x00000006c9500000, 0x00000006c9600000|  0%| F|  |TS  0|AC  0|TAMS 0x00000006c9500000, 0x00000006c9500000|
| 150|0x00000006c9600000, 0x00000006c9600000, 0x00000006c9700000|  0%| F|  |TS  0|AC  0|TAMS 0x00000006c9600000, 0x00000006c9600000|
| 151|0x00000006c9700000, 0x00000006c9700000, 0x00000006c9800000|  0%| F|  |TS  0|AC  0|TAMS 0x00000006c9700000, 0x00000006c9700000|
| 152|0x00000006c9800000, 0x00000006c9800000, 0x00000006c9900000|  0%| F|  |TS  0|AC  0|TAMS 0x00000006c9800000, 0x00000006c9800000|
| 153|0x00000006c9900000, 0x00000006c9900000, 0x00000006c9a00000|  0%| F|  |TS  0|AC  0|TAMS 0x00000006c9900000, 0x00000006c9900000|
| 154|0x00000006c9a00000, 0x00000006c9a00000, 0x00000006c9b00000|  0%| F|  |TS  0|AC  0|TAMS 0x00000006c9a00000, 0x00000006c9a00000|
| 155|0x00000006c9b00000, 0x00000006c9b00000, 0x00000006c9c00000|  0%| F|  |TS  0|AC  0|TAMS 0x00000006c9b00000, 0x00000006c9b00000|
| 156|0x00000006c9c00000, 0x00000006c9c979e0, 0x00000006c9d00000| 59%| S|CS|TS  2|AC  0|TAMS 0x00000006c9c00000, 0x00000006c9c00000|
| 157|0x00000006c9d00000, 0x00000006c9e00000, 0x00000006c9e00000|100%| S|CS|TS  2|AC  0|TAMS 0x00000006c9d00000, 0x00000006c9d00000|
| 158|0x00000006c9e00000, 0x00000006c9f00000, 0x00000006c9f00000|100%| S|CS|TS  2|AC  0|TAMS 0x00000006c9e00000, 0x00000006c9e00000|
| 159|0x00000006c9f00000, 0x00000006ca000000, 0x00000006ca000000|100%| S|CS|TS  2|AC  0|TAMS 0x00000006c9f00000, 0x00000006c9f00000|
| 160|0x00000006ca000000, 0x00000006ca100000, 0x00000006ca100000|100%| S|CS|TS  2|AC  0|TAMS 0x00000006ca000000, 0x00000006ca000000|
| 161|0x00000006ca100000, 0x00000006ca200000, 0x00000006ca200000|100%| S|CS|TS  2|AC  0|TAMS 0x00000006ca100000, 0x00000006ca100000|
| 162|0x00000006ca200000, 0x00000006ca300000, 0x00000006ca300000|100%| S|CS|TS  2|AC  0|TAMS 0x00000006ca200000, 0x00000006ca200000|
| 163|0x00000006ca300000, 0x00000006ca300000, 0x00000006ca400000|  0%| F|  |TS  2|AC  0|TAMS 0x00000006ca300000, 0x00000006ca300000|
| 164|0x00000006ca400000, 0x00000006ca400000, 0x00000006ca500000|  0%| F|  |TS  2|AC  0|TAMS 0x00000006ca400000, 0x00000006ca400000|
| 165|0x00000006ca500000, 0x00000006ca500000, 0x00000006ca600000|  0%| F|  |TS  2|AC  0|TAMS 0x00000006ca500000, 0x00000006ca500000|
| 166|0x00000006ca600000, 0x00000006ca600000, 0x00000006ca700000|  0%| F|  |TS  2|AC  0|TAMS 0x00000006ca600000, 0x00000006ca600000|
| 167|0x00000006ca700000, 0x00000006ca700000, 0x00000006ca800000|  0%| F|  |TS  2|AC  0|TAMS 0x00000006ca700000, 0x00000006ca700000|
| 168|0x00000006ca800000, 0x00000006ca800000, 0x00000006ca900000|  0%| F|  |TS  2|AC  0|TAMS 0x00000006ca800000, 0x00000006ca800000|
| 169|0x00000006ca900000, 0x00000006ca900000, 0x00000006caa00000|  0%| F|  |TS  2|AC  0|TAMS 0x00000006ca900000, 0x00000006ca900000|
| 170|0x00000006caa00000, 0x00000006caa00000, 0x00000006cab00000|  0%| F|  |TS  2|AC  0|TAMS 0x00000006caa00000, 0x00000006caa00000|
| 171|0x00000006cab00000, 0x00000006cab00000, 0x00000006cac00000|  0%| F|  |TS  2|AC  0|TAMS 0x00000006cab00000, 0x00000006cab00000|
| 172|0x00000006cac00000, 0x00000006cac00000, 0x00000006cad00000|  0%| F|  |TS  2|AC  0|TAMS 0x00000006cac00000, 0x00000006cac00000|
| 173|0x00000006cad00000, 0x00000006cad00000, 0x00000006cae00000|  0%| F|  |TS  2|AC  0|TAMS 0x00000006cad00000, 0x00000006cad00000|
| 174|0x00000006cae00000, 0x00000006cae00000, 0x00000006caf00000|  0%| F|  |TS  2|AC  0|TAMS 0x00000006cae00000, 0x00000006cae00000|
| 175|0x00000006caf00000, 0x00000006caf00000, 0x00000006cb000000|  0%| F|  |TS  2|AC  0|TAMS 0x00000006caf00000, 0x00000006caf00000|
| 176|0x00000006cb000000, 0x00000006cb000000, 0x00000006cb100000|  0%| F|  |TS  2|AC  0|TAMS 0x00000006cb000000, 0x00000006cb000000|
| 177|0x00000006cb100000, 0x00000006cb100000, 0x00000006cb200000|  0%| F|  |TS  2|AC  0|TAMS 0x00000006cb100000, 0x00000006cb100000|
| 178|0x00000006cb200000, 0x00000006cb200000, 0x00000006cb300000|  0%| F|  |TS  2|AC  0|TAMS 0x00000006cb200000, 0x00000006cb200000|
| 179|0x00000006cb300000, 0x00000006cb300000, 0x00000006cb400000|  0%| F|  |TS  2|AC  0|TAMS 0x00000006cb300000, 0x00000006cb300000|
| 180|0x00000006cb400000, 0x00000006cb400000, 0x00000006cb500000|  0%| F|  |TS  2|AC  0|TAMS 0x00000006cb400000, 0x00000006cb400000|
| 181|0x00000006cb500000, 0x00000006cb500000, 0x00000006cb600000|  0%| F|  |TS  2|AC  0|TAMS 0x00000006cb500000, 0x00000006cb500000|
| 182|0x00000006cb600000, 0x00000006cb600000, 0x00000006cb700000|  0%| F|  |TS  2|AC  0|TAMS 0x00000006cb600000, 0x00000006cb600000|
| 183|0x00000006cb700000, 0x00000006cb700000, 0x00000006cb800000|  0%| F|  |TS  2|AC  0|TAMS 0x00000006cb700000, 0x00000006cb700000|
| 184|0x00000006cb800000, 0x00000006cb800000, 0x00000006cb900000|  0%| F|  |TS  2|AC  0|TAMS 0x00000006cb800000, 0x00000006cb800000|
| 185|0x00000006cb900000, 0x00000006cb900000, 0x00000006cba00000|  0%| F|  |TS  2|AC  0|TAMS 0x00000006cb900000, 0x00000006cb900000|
| 186|0x00000006cba00000, 0x00000006cba00000, 0x00000006cbb00000|  0%| F|  |TS  2|AC  0|TAMS 0x00000006cba00000, 0x00000006cba00000|
| 187|0x00000006cbb00000, 0x00000006cbb00000, 0x00000006cbc00000|  0%| F|  |TS  2|AC  0|TAMS 0x00000006cbb00000, 0x00000006cbb00000|
| 188|0x00000006cbc00000, 0x00000006cbc00000, 0x00000006cbd00000|  0%| F|  |TS  2|AC  0|TAMS 0x00000006cbc00000, 0x00000006cbc00000|
| 189|0x00000006cbd00000, 0x00000006cbd00000, 0x00000006cbe00000|  0%| F|  |TS  2|AC  0|TAMS 0x00000006cbd00000, 0x00000006cbd00000|
| 190|0x00000006cbe00000, 0x00000006cbe00000, 0x00000006cbf00000|  0%| F|  |TS  2|AC  0|TAMS 0x00000006cbe00000, 0x00000006cbe00000|
| 191|0x00000006cbf00000, 0x00000006cbf00000, 0x00000006cc000000|  0%| F|  |TS  2|AC  0|TAMS 0x00000006cbf00000, 0x00000006cbf00000|
| 192|0x00000006cc000000, 0x00000006cc000000, 0x00000006cc100000|  0%| F|  |TS  2|AC  0|TAMS 0x00000006cc000000, 0x00000006cc000000|
| 193|0x00000006cc100000, 0x00000006cc100000, 0x00000006cc200000|  0%| F|  |TS  2|AC  0|TAMS 0x00000006cc100000, 0x00000006cc100000|
| 194|0x00000006cc200000, 0x00000006cc200000, 0x00000006cc300000|  0%| F|  |TS  2|AC  0|TAMS 0x00000006cc200000, 0x00000006cc200000|
| 195|0x00000006cc300000, 0x00000006cc300000, 0x00000006cc400000|  0%| F|  |TS  2|AC  0|TAMS 0x00000006cc300000, 0x00000006cc300000|
| 196|0x00000006cc400000, 0x00000006cc400000, 0x00000006cc500000|  0%| F|  |TS  2|AC  0|TAMS 0x00000006cc400000, 0x00000006cc400000|
| 197|0x00000006cc500000, 0x00000006cc500000, 0x00000006cc600000|  0%| F|  |TS  2|AC  0|TAMS 0x00000006cc500000, 0x00000006cc500000|
| 198|0x00000006cc600000, 0x00000006cc600000, 0x00000006cc700000|  0%| F|  |TS  2|AC  0|TAMS 0x00000006cc600000, 0x00000006cc600000|
| 199|0x00000006cc700000, 0x00000006cc700000, 0x00000006cc800000|  0%| F|  |TS  2|AC  0|TAMS 0x00000006cc700000, 0x00000006cc700000|
| 200|0x00000006cc800000, 0x00000006cc800000, 0x00000006cc900000|  0%| F|  |TS  2|AC  0|TAMS 0x00000006cc800000, 0x00000006cc800000|
| 201|0x00000006cc900000, 0x00000006cc900000, 0x00000006cca00000|  0%| F|  |TS  2|AC  0|TAMS 0x00000006cc900000, 0x00000006cc900000|
| 202|0x00000006cca00000, 0x00000006cca00000, 0x00000006ccb00000|  0%| F|  |TS  2|AC  0|TAMS 0x00000006cca00000, 0x00000006cca00000|
| 203|0x00000006ccb00000, 0x00000006ccb00000, 0x00000006ccc00000|  0%| F|  |TS  2|AC  0|TAMS 0x00000006ccb00000, 0x00000006ccb00000|
| 204|0x00000006ccc00000, 0x00000006ccc00000, 0x00000006ccd00000|  0%| F|  |TS  2|AC  0|TAMS 0x00000006ccc00000, 0x00000006ccc00000|
| 205|0x00000006ccd00000, 0x00000006ccd00000, 0x00000006cce00000|  0%| F|  |TS  2|AC  0|TAMS 0x00000006ccd00000, 0x00000006ccd00000|
| 206|0x00000006cce00000, 0x00000006cce00000, 0x00000006ccf00000|  0%| F|  |TS  2|AC  0|TAMS 0x00000006cce00000, 0x00000006cce00000|
| 207|0x00000006ccf00000, 0x00000006ccf00000, 0x00000006cd000000|  0%| F|  |TS  2|AC  0|TAMS 0x00000006ccf00000, 0x00000006ccf00000|
| 208|0x00000006cd000000, 0x00000006cd000000, 0x00000006cd100000|  0%| F|  |TS  2|AC  0|TAMS 0x00000006cd000000, 0x00000006cd000000|
| 209|0x00000006cd100000, 0x00000006cd100000, 0x00000006cd200000|  0%| F|  |TS  2|AC  0|TAMS 0x00000006cd100000, 0x00000006cd100000|
| 210|0x00000006cd200000, 0x00000006cd200000, 0x00000006cd300000|  0%| F|  |TS  2|AC  0|TAMS 0x00000006cd200000, 0x00000006cd200000|
| 211|0x00000006cd300000, 0x00000006cd300000, 0x00000006cd400000|  0%| F|  |TS  2|AC  0|TAMS 0x00000006cd300000, 0x00000006cd300000|
| 212|0x00000006cd400000, 0x00000006cd400000, 0x00000006cd500000|  0%| F|  |TS  2|AC  0|TAMS 0x00000006cd400000, 0x00000006cd400000|
| 213|0x00000006cd500000, 0x00000006cd500000, 0x00000006cd600000|  0%| F|  |TS  2|AC  0|TAMS 0x00000006cd500000, 0x00000006cd500000|
| 214|0x00000006cd600000, 0x00000006cd600000, 0x00000006cd700000|  0%| F|  |TS  2|AC  0|TAMS 0x00000006cd600000, 0x00000006cd600000|
| 215|0x00000006cd700000, 0x00000006cd700000, 0x00000006cd800000|  0%| F|  |TS  2|AC  0|TAMS 0x00000006cd700000, 0x00000006cd700000|
| 216|0x00000006cd800000, 0x00000006cd800000, 0x00000006cd900000|  0%| F|  |TS  2|AC  0|TAMS 0x00000006cd800000, 0x00000006cd800000|
| 217|0x00000006cd900000, 0x00000006cd900000, 0x00000006cda00000|  0%| F|  |TS  2|AC  0|TAMS 0x00000006cd900000, 0x00000006cd900000|
| 218|0x00000006cda00000, 0x00000006cda00000, 0x00000006cdb00000|  0%| F|  |TS  2|AC  0|TAMS 0x00000006cda00000, 0x00000006cda00000|
| 219|0x00000006cdb00000, 0x00000006cdb00000, 0x00000006cdc00000|  0%| F|  |TS  2|AC  0|TAMS 0x00000006cdb00000, 0x00000006cdb00000|
| 220|0x00000006cdc00000, 0x00000006cdc00000, 0x00000006cdd00000|  0%| F|  |TS  2|AC  0|TAMS 0x00000006cdc00000, 0x00000006cdc00000|
| 221|0x00000006cdd00000, 0x00000006cdd00000, 0x00000006cde00000|  0%| F|  |TS  2|AC  0|TAMS 0x00000006cdd00000, 0x00000006cdd00000|
| 222|0x00000006cde00000, 0x00000006cde00000, 0x00000006cdf00000|  0%| F|  |TS  2|AC  0|TAMS 0x00000006cde00000, 0x00000006cde00000|
| 223|0x00000006cdf00000, 0x00000006cdf00000, 0x00000006ce000000|  0%| F|  |TS  2|AC  0|TAMS 0x00000006cdf00000, 0x00000006cdf00000|
| 224|0x00000006ce000000, 0x00000006ce000000, 0x00000006ce100000|  0%| F|  |TS  2|AC  0|TAMS 0x00000006ce000000, 0x00000006ce000000|
| 225|0x00000006ce100000, 0x00000006ce100000, 0x00000006ce200000|  0%| F|  |TS  2|AC  0|TAMS 0x00000006ce100000, 0x00000006ce100000|
| 226|0x00000006ce200000, 0x00000006ce200000, 0x00000006ce300000|  0%| F|  |TS  2|AC  0|TAMS 0x00000006ce200000, 0x00000006ce200000|
| 227|0x00000006ce300000, 0x00000006ce300000, 0x00000006ce400000|  0%| F|  |TS  2|AC  0|TAMS 0x00000006ce300000, 0x00000006ce300000|
| 228|0x00000006ce400000, 0x00000006ce400000, 0x00000006ce500000|  0%| F|  |TS  2|AC  0|TAMS 0x00000006ce400000, 0x00000006ce400000|
| 229|0x00000006ce500000, 0x00000006ce500000, 0x00000006ce600000|  0%| F|  |TS  2|AC  0|TAMS 0x00000006ce500000, 0x00000006ce500000|
| 230|0x00000006ce600000, 0x00000006ce600000, 0x00000006ce700000|  0%| F|  |TS  2|AC  0|TAMS 0x00000006ce600000, 0x00000006ce600000|
| 231|0x00000006ce700000, 0x00000006ce700000, 0x00000006ce800000|  0%| F|  |TS  2|AC  0|TAMS 0x00000006ce700000, 0x00000006ce700000|
| 232|0x00000006ce800000, 0x00000006ce800000, 0x00000006ce900000|  0%| F|  |TS  2|AC  0|TAMS 0x00000006ce800000, 0x00000006ce800000|
| 233|0x00000006ce900000, 0x00000006ce900000, 0x00000006cea00000|  0%| F|  |TS  2|AC  0|TAMS 0x00000006ce900000, 0x00000006ce900000|
| 234|0x00000006cea00000, 0x00000006cea00000, 0x00000006ceb00000|  0%| F|  |TS  2|AC  0|TAMS 0x00000006cea00000, 0x00000006cea00000|
| 235|0x00000006ceb00000, 0x00000006ceb00000, 0x00000006cec00000|  0%| F|  |TS  2|AC  0|TAMS 0x00000006ceb00000, 0x00000006ceb00000|
| 236|0x00000006cec00000, 0x00000006cec00000, 0x00000006ced00000|  0%| F|  |TS  2|AC  0|TAMS 0x00000006cec00000, 0x00000006cec00000|
| 237|0x00000006ced00000, 0x00000006ced00000, 0x00000006cee00000|  0%| F|  |TS  2|AC  0|TAMS 0x00000006ced00000, 0x00000006ced00000|
| 238|0x00000006cee00000, 0x00000006cee00000, 0x00000006cef00000|  0%| F|  |TS  2|AC  0|TAMS 0x00000006cee00000, 0x00000006cee00000|
| 239|0x00000006cef00000, 0x00000006cef00000, 0x00000006cf000000|  0%| F|  |TS  2|AC  0|TAMS 0x00000006cef00000, 0x00000006cef00000|
| 240|0x00000006cf000000, 0x00000006cf000000, 0x00000006cf100000|  0%| F|  |TS  2|AC  0|TAMS 0x00000006cf000000, 0x00000006cf000000|
| 241|0x00000006cf100000, 0x00000006cf100000, 0x00000006cf200000|  0%| F|  |TS  2|AC  0|TAMS 0x00000006cf100000, 0x00000006cf100000|
| 242|0x00000006cf200000, 0x00000006cf200000, 0x00000006cf300000|  0%| F|  |TS  2|AC  0|TAMS 0x00000006cf200000, 0x00000006cf200000|
| 243|0x00000006cf300000, 0x00000006cf300000, 0x00000006cf400000|  0%| F|  |TS  2|AC  0|TAMS 0x00000006cf300000, 0x00000006cf300000|
| 244|0x00000006cf400000, 0x00000006cf400000, 0x00000006cf500000|  0%| F|  |TS  2|AC  0|TAMS 0x00000006cf400000, 0x00000006cf400000|
| 245|0x00000006cf500000, 0x00000006cf500000, 0x00000006cf600000|  0%| F|  |TS  2|AC  0|TAMS 0x00000006cf500000, 0x00000006cf500000|
| 246|0x00000006cf600000, 0x00000006cf600000, 0x00000006cf700000|  0%| F|  |TS  2|AC  0|TAMS 0x00000006cf600000, 0x00000006cf600000|
| 247|0x00000006cf700000, 0x00000006cf700000, 0x00000006cf800000|  0%| F|  |TS  2|AC  0|TAMS 0x00000006cf700000, 0x00000006cf700000|
| 248|0x00000006cf800000, 0x00000006cf800000, 0x00000006cf900000|  0%| F|  |TS  2|AC  0|TAMS 0x00000006cf800000, 0x00000006cf800000|
| 249|0x00000006cf900000, 0x00000006cf900000, 0x00000006cfa00000|  0%| F|  |TS  2|AC  0|TAMS 0x00000006cf900000, 0x00000006cf900000|
| 250|0x00000006cfa00000, 0x00000006cfb00000, 0x00000006cfb00000|100%| E|  |TS  2|AC  0|TAMS 0x00000006cfa00000, 0x00000006cfa00000|
| 251|0x00000006cfb00000, 0x00000006cfc00000, 0x00000006cfc00000|100%| E|CS|TS  2|AC  0|TAMS 0x00000006cfb00000, 0x00000006cfb00000|
| 252|0x00000006cfc00000, 0x00000006cfd00000, 0x00000006cfd00000|100%| E|CS|TS  2|AC  0|TAMS 0x00000006cfc00000, 0x00000006cfc00000|
| 253|0x00000006cfd00000, 0x00000006cfe00000, 0x00000006cfe00000|100%| E|CS|TS  2|AC  0|TAMS 0x00000006cfd00000, 0x00000006cfd00000|
| 254|0x00000006cfe00000, 0x00000006cff00000, 0x00000006cff00000|100%| E|CS|TS  2|AC  0|TAMS 0x00000006cfe00000, 0x00000006cfe00000|
| 255|0x00000006cff00000, 0x00000006d0000000, 0x00000006d0000000|100%| E|CS|TS  2|AC  0|TAMS 0x00000006cff00000, 0x00000006cff00000|

Card table byte_map: [0x0000000108776000,0x0000000108f76000] byte_map_base: 0x0000000105176000

Marking Bits (Prev, Next): (CMBitMap*) 0x00007fcd8a02da98, (CMBitMap*) 0x00007fcd8a02da60
 Prev Bits: [0x000000010d776000, 0x0000000111776000)
 Next Bits: [0x0000000109776000, 0x000000010d776000)

Polling page: 0x00000001056ba000

CodeHeap 'non-profiled nmethods': size=120032Kb used=1442Kb max_used=1442Kb free=118589Kb
 bounds [0x00000001253c1000, 0x0000000125631000, 0x000000012c8f9000]
CodeHeap 'profiled nmethods': size=120028Kb used=6429Kb max_used=6429Kb free=113598Kb
 bounds [0x000000011de8a000, 0x000000011e4da000, 0x00000001253c1000]
CodeHeap 'non-nmethods': size=5700Kb used=1185Kb max_used=1232Kb free=4514Kb
 bounds [0x000000011d8f9000, 0x000000011db69000, 0x000000011de8a000]
 total_blobs=4212 nmethods=2993 adapters=379
 compilation: enabled

Compilation events (10 events):
Event: 2.675 Thread 0x00007fcd8d00b000 nmethod 3136 0x000000011e4c6490 code [0x000000011e4c6640, 0x000000011e4c6850]
Event: 2.675 Thread 0x00007fcd8d00b000 3137       3       org.springframework.util.PropertyPlaceholderHelper::replacePlaceholders (14 bytes)
Event: 2.675 Thread 0x00007fcd8d00b000 nmethod 3137 0x000000011e4c6910 code [0x000000011e4c6b00, 0x000000011e4c6e38]
Event: 2.675 Thread 0x00007fcd8d00b000 3138       3       org.springframework.core.env.AbstractPropertyResolver::resolveRequiredPlaceholders (26 bytes)
Event: 2.676 Thread 0x00007fcd8d00b000 nmethod 3138 0x000000011e4c6f90 code [0x000000011e4c7200, 0x000000011e4c7c28]
Event: 2.676 Thread 0x00007fcd8d00b000 3139   !   3       org.springframework.beans.factory.support.DefaultListableBeanFactory::doGetBeanNamesForType (506 bytes)
Event: 2.681 Thread 0x00007fcd8d00b000 nmethod 3139 0x000000011e4c8090 code [0x000000011e4c8880, 0x000000011e4ce8f8]
Event: 2.681 Thread 0x00007fcd8d00b000 3143       3       java.lang.reflect.ProxyGenerator::addProxyMethod (234 bytes)
Event: 2.683 Thread 0x00007fcd8d00b000 nmethod 3143 0x000000011e4d0c10 code [0x000000011e4d0fe0, 0x000000011e4d2ce8]
Event: 2.683 Thread 0x00007fcd8d00b000 3141       3       java.lang.reflect.ProxyGenerator::dotToSlash (9 bytes)

GC Heap History (8 events):
Event: 0.729 GC heap before
{Heap before GC invocations=0 (full 0):
 garbage-first heap   total 262144K, used 25600K [0x00000006c0000000, 0x00000007c0000000)
  region size 1024K, 24 young (24576K), 0 survivors (0K)
 Metaspace       used 11172K, capacity 11588K, committed 11776K, reserved 1060864K
  class space    used 1101K, capacity 1255K, committed 1280K, reserved 1048576K
}
Event: 0.734 GC heap after
{Heap after GC invocations=1 (full 0):
 garbage-first heap   total 262144K, used 6987K [0x00000006c0000000, 0x00000007c0000000)
  region size 1024K, 3 young (3072K), 3 survivors (3072K)
 Metaspace       used 11172K, capacity 11588K, committed 11776K, reserved 1060864K
  class space    used 1101K, capacity 1255K, committed 1280K, reserved 1048576K
}
Event: 1.467 GC heap before
{Heap before GC invocations=1 (full 0):
 garbage-first heap   total 262144K, used 61259K [0x00000006c0000000, 0x00000007c0000000)
  region size 1024K, 57 young (58368K), 3 survivors (3072K)
 Metaspace       used 20379K, capacity 21008K, committed 21248K, reserved 1069056K
  class space    used 2196K, capacity 2485K, committed 2560K, reserved 1048576K
}
Event: 1.475 GC heap after
{Heap after GC invocations=2 (full 0):
 garbage-first heap   total 262144K, used 9580K [0x00000006c0000000, 0x00000007c0000000)
  region size 1024K, 6 young (6144K), 6 survivors (6144K)
 Metaspace       used 20379K, capacity 21008K, committed 21248K, reserved 1069056K
  class space    used 2196K, capacity 2485K, committed 2560K, reserved 1048576K
}
Event: 1.941 GC heap before
{Heap before GC invocations=3 (full 0):
 garbage-first heap   total 262144K, used 77164K [0x00000006c0000000, 0x00000007c0000000)
  region size 1024K, 72 young (73728K), 6 survivors (6144K)
 Metaspace       used 28525K, capacity 29315K, committed 29824K, reserved 1075200K
  class space    used 3275K, capacity 3614K, committed 3712K, reserved 1048576K
}
Event: 1.949 GC heap after
{Heap after GC invocations=4 (full 0):
 garbage-first heap   total 262144K, used 11687K [0x00000006c0000000, 0x00000007c0000000)
  region size 1024K, 5 young (5120K), 5 survivors (5120K)
 Metaspace       used 28525K, capacity 29315K, committed 29824K, reserved 1075200K
  class space    used 3275K, capacity 3614K, committed 3712K, reserved 1048576K
}
Event: 2.572 GC heap before
{Heap before GC invocations=4 (full 0):
 garbage-first heap   total 262144K, used 101799K [0x00000006c0000000, 0x00000007c0000000)
  region size 1024K, 93 young (95232K), 5 survivors (5120K)
 Metaspace       used 33663K, capacity 34604K, committed 35072K, reserved 1079296K
  class space    used 3919K, capacity 4309K, committed 4352K, reserved 1048576K
}
Event: 2.581 GC heap after
{Heap after GC invocations=5 (full 0):
 garbage-first heap   total 262144K, used 13656K [0x00000006c0000000, 0x00000007c0000000)
  region size 1024K, 7 young (7168K), 7 survivors (7168K)
 Metaspace       used 33663K, capacity 34604K, committed 35072K, reserved 1079296K
  class space    used 3919K, capacity 4309K, committed 4352K, reserved 1048576K
}

Deoptimization events (10 events):
Event: 1.562 Thread 0x00007fcd89947800 Uncommon trap: reason=unstable_if action=reinterpret pc=0x0000000125438328 method=java.util.concurrent.ConcurrentHashMap.addCount(JI)V @ 168 c2
Event: 1.632 Thread 0x00007fcd8a803800 Uncommon trap: reason=unstable_if action=reinterpret pc=0x00000001254681d8 method=java.net.URL.<init>(Ljava/net/URL;Ljava/lang/String;Ljava/net/URLStreamHandler;)V @ 347 c2
Event: 1.700 Thread 0x00007fcd8a803800 Uncommon trap: reason=unstable_if action=reinterpret pc=0x00000001254201d4 method=jdk.internal.org.objectweb.asm.Type.getArgumentsAndReturnSizes(Ljava/lang/String;)I @ 136 c2
Event: 1.738 Thread 0x00007fcd8a803800 Uncommon trap: reason=unstable_if action=reinterpret pc=0x000000012542b5d4 method=java.util.HashMap.hash(Ljava/lang/Object;)I @ 1 c2
Event: 1.740 Thread 0x00007fcd89947800 Uncommon trap: reason=unstable_if action=reinterpret pc=0x0000000125457d2c method=java.util.jar.Manifest$FastInputStream.readLine([BII)I @ 87 c2
Event: 2.388 Thread 0x00007fcd8a803800 Uncommon trap: reason=unstable_if action=reinterpret pc=0x00000001254fcf30 method=org.springframework.beans.factory.support.AbstractBeanFactory.getMergedLocalBeanDefinition(Ljava/lang/String;)Lorg/springframework/beans/factory/support/RootBeanDefinition; 
Event: 2.395 Thread 0x00007fcd8a803800 Uncommon trap: reason=unstable_if action=reinterpret pc=0x00000001254ff400 method=org.springframework.beans.factory.support.DefaultSingletonBeanRegistry.getSingleton(Ljava/lang/String;Z)Ljava/lang/Object; @ 20 c2
Event: 2.414 Thread 0x00007fcd8a803800 Uncommon trap: reason=class_check action=maybe_recompile pc=0x0000000125501b94 method=org.springframework.util.ConcurrentReferenceHashMap$Segment.findInChain(Lorg/springframework/util/ConcurrentReferenceHashMap$Reference;Ljava/lang/Object;I)Lorg/springfra
Event: 2.430 Thread 0x00007fcd8a803800 Uncommon trap: reason=class_check action=maybe_recompile pc=0x0000000125501b94 method=org.springframework.util.ConcurrentReferenceHashMap$Segment.findInChain(Lorg/springframework/util/ConcurrentReferenceHashMap$Reference;Ljava/lang/Object;I)Lorg/springfra
Event: 2.666 Thread 0x00007fcd8a803800 Uncommon trap: reason=unstable_if action=reinterpret pc=0x000000012551dc04 method=org.springframework.beans.factory.support.AbstractAutowireCapableBeanFactory.predictBeanType(Ljava/lang/String;Lorg/springframework/beans/factory/support/RootBeanDefinition;

Classes redefined (0 events):
No events

Internal exceptions (10 events):
Event: 1.986 Thread 0x00007fcd8a803800 Exception <a 'java/lang/IncompatibleClassChangeError'{0x00000006cda2d7e8}: Found class java.lang.Object, but interface was expected> (0x00000006cda2d7e8) thrown at [/scratch/mesos/slaves/9190d864-6621-4810-ba08-d8d8c75ba674-S34/frameworks/1735e8a2-a1db-47
Event: 2.001 Thread 0x00007fcd8a803800 Exception <a 'java/lang/NoSuchMethodError'{0x00000006cd81f160}: java.lang.invoke.DirectMethodHandle$Holder.invokeStatic(Ljava/lang/Object;Ljava/lang/Object;Ljava/lang/Object;Ljava/lang/Object;Ljava/lang/Object;)V> (0x00000006cd81f160) thrown at [/scratch/
Event: 2.002 Thread 0x00007fcd89947800 Exception <a 'java/lang/NoSuchMethodError'{0x00000006cd979640}: java.lang.invoke.DirectMethodHandle$Holder.invokeSpecial(Ljava/lang/Object;Ljava/lang/Object;)J> (0x00000006cd979640) thrown at [/scratch/mesos/slaves/9190d864-6621-4810-ba08-d8d8c75ba674-S34
Event: 2.004 Thread 0x00007fcd89947800 Exception <a 'java/lang/NoSuchMethodError'{0x00000006cd8843a8}: java.lang.invoke.DirectMethodHandle$Holder.invokeStatic(Ljava/lang/Object;Ljava/lang/Object;)J> (0x00000006cd8843a8) thrown at [/scratch/mesos/slaves/9190d864-6621-4810-ba08-d8d8c75ba674-S34/
Event: 2.004 Thread 0x00007fcd89947800 Exception <a 'java/lang/NoSuchMethodError'{0x00000006cd887228}: java.lang.invoke.DirectMethodHandle$Holder.invokeStaticInit(Ljava/lang/Object;Ljava/lang/Object;)J> (0x00000006cd887228) thrown at [/scratch/mesos/slaves/9190d864-6621-4810-ba08-d8d8c75ba674-
Event: 2.006 Thread 0x00007fcd89947800 Exception <a 'java/lang/NoSuchMethodError'{0x00000006cd893b40}: java.lang.invoke.DirectMethodHandle$Holder.invokeInterface(Ljava/lang/Object;Ljava/lang/Object;)J> (0x00000006cd893b40) thrown at [/scratch/mesos/slaves/9190d864-6621-4810-ba08-d8d8c75ba674-S
Event: 2.006 Thread 0x00007fcd89947800 Exception <a 'java/lang/IncompatibleClassChangeError'{0x00000006cd896aa8}: Found class java.lang.Object, but interface was expected> (0x00000006cd896aa8) thrown at [/scratch/mesos/slaves/9190d864-6621-4810-ba08-d8d8c75ba674-S34/frameworks/1735e8a2-a1db-47
Event: 2.008 Thread 0x00007fcd8a803800 Exception <a 'java/lang/NoSuchMethodError'{0x00000006cd87a660}: java.lang.Object.lambda$getAllAnnotationAttributes$0(Lorg/springframework/util/MultiValueMap;)Lorg/springframework/util/MultiValueMap;> (0x00000006cd87a660) thrown at [/scratch/mesos/slaves/9
Event: 2.016 Thread 0x00007fcd89947800 Exception <a 'java/lang/NoSuchMethodError'{0x00000006cd7e84c0}: java.lang.invoke.DirectMethodHandle$Holder.invokeVirtual(Ljava/lang/Object;Ljava/lang/Object;Ljava/lang/Object;Ljava/lang/Object;)Ljava/lang/Object;> (0x00000006cd7e84c0) thrown at [/scratch/
Event: 2.379 Thread 0x00007fcd8a803800 Exception <a 'java/lang/NoSuchMethodError'{0x00000006caf33588}: java.lang.Object.lambda$getRequiredAttribute$0(Ljava/lang/String;)Ljava/lang/IllegalArgumentException;> (0x00000006caf33588) thrown at [/scratch/mesos/slaves/9190d864-6621-4810-ba08-d8d8c75ba

Events (10 events):
Event: 2.674 loading class org/springframework/jndi/JndiObjectFactoryBean done
Event: 2.674 loading class org/springframework/jndi/JndiObjectLocator
Event: 2.674 loading class org/springframework/jndi/JndiObjectLocator done
Event: 2.675 loading class org/springframework/data/jpa/util/BeanDefinitionUtils$EntityManagerFactoryBeanDefinition
Event: 2.675 loading class org/springframework/data/jpa/util/BeanDefinitionUtils$EntityManagerFactoryBeanDefinition done
Event: 2.677 loading class org/springframework/beans/factory/support/AutowireCandidateQualifier
Event: 2.677 loading class org/springframework/beans/factory/support/AutowireCandidateQualifier done
Event: 2.680 loading class javassist/NotFoundException
Event: 2.680 loading class javassist/NotFoundException done
Event: 2.683 Executing VM operation: ChangeBreakpoints


Dynamic libraries:
0x00007fff2dfef000 	/System/Library/Frameworks/Cocoa.framework/Versions/A/Cocoa
0x00007fff3b5bd000 	/System/Library/Frameworks/Security.framework/Versions/A/Security
0x00007fff2cf79000 	/System/Library/Frameworks/ApplicationServices.framework/Versions/A/ApplicationServices
0x00007fff659ea000 	/usr/lib/libz.1.dylib
0x00007fff634b9000 	/usr/lib/libSystem.B.dylib
0x00007fff2ef66000 	/System/Library/Frameworks/CoreFoundation.framework/Versions/A/CoreFoundation
0x00007fff3162b000 	/System/Library/Frameworks/Foundation.framework/Versions/C/Foundation
0x00007fff6530e000 	/usr/lib/libobjc.A.dylib
0x00007fff2c16e000 	/System/Library/Frameworks/AppKit.framework/Versions/C/AppKit
0x00007fff2ea72000 	/System/Library/Frameworks/CoreData.framework/Versions/A/CoreData
0x00007fff5fd61000 	/System/Library/PrivateFrameworks/UIFoundation.framework/Versions/A/UIFoundation
0x00007fff5a53d000 	/System/Library/PrivateFrameworks/RemoteViewServices.framework/Versions/A/RemoteViewServices
0x00007fff627f4000 	/System/Library/PrivateFrameworks/XCTTargetBootstrap.framework/Versions/A/XCTTargetBootstrap
0x00007fff2ee55000 	/System/Library/Frameworks/CoreDisplay.framework/Versions/A/CoreDisplay
0x00007fff343a3000 	/System/Library/Frameworks/Metal.framework/Versions/A/Metal
0x00007fff48943000 	/System/Library/PrivateFrameworks/DesktopServicesPriv.framework/Versions/A/DesktopServicesPriv
0x00007fff645ef000 	/usr/lib/liblangid.dylib
0x00007fff47a8f000 	/System/Library/PrivateFrameworks/CoreSVG.framework/Versions/A/CoreSVG
0x00007fff5d304000 	/System/Library/PrivateFrameworks/SkyLight.framework/Versions/A/SkyLight
0x00007fff2f3e8000 	/System/Library/Frameworks/CoreGraphics.framework/Versions/A/CoreGraphics
0x00007fff2ad0d000 	/System/Library/Frameworks/Accelerate.framework/Versions/A/Accelerate
0x00007fff658db000 	/usr/lib/libxml2.2.dylib
0x00007fff53667000 	/System/Library/PrivateFrameworks/IconServices.framework/Versions/A/IconServices
0x00007fff31e10000 	/System/Library/Frameworks/IOSurface.framework/Versions/A/IOSurface
0x00007fff62ff1000 	/usr/lib/libDiagnosticMessagesClient.dylib
0x00007fff487bc000 	/System/Library/PrivateFrameworks/DFRFoundation.framework/Versions/A/DFRFoundation
0x00007fff6437d000 	/usr/lib/libicucore.A.dylib
0x00007fff2d2ab000 	/System/Library/Frameworks/AudioToolbox.framework/Versions/A/AudioToolbox
0x00007fff2d38d000 	/System/Library/Frameworks/AudioUnit.framework/Versions/A/AudioUnit
0x00007fff636ba000 	/usr/lib/libauto.dylib
0x00007fff4883d000 	/System/Library/PrivateFrameworks/DataDetectorsCore.framework/Versions/A/DataDetectorsCore
0x00007fff2db0f000 	/System/Library/Frameworks/Carbon.framework/Versions/A/Frameworks/HIToolbox.framework/Versions/A/HIToolbox
0x00007fff3a7ee000 	/System/Library/Frameworks/QuartzCore.framework/Versions/A/QuartzCore
0x00007fff2de4e000 	/System/Library/Frameworks/Carbon.framework/Versions/A/Frameworks/SpeechRecognition.framework/Versions/A/SpeechRecognition
0x00007fff48142000 	/System/Library/PrivateFrameworks/CoreUI.framework/Versions/A/CoreUI
0x00007fff2e4d8000 	/System/Library/Frameworks/CoreAudio.framework/Versions/A/CoreAudio
0x00007fff312f3000 	/System/Library/Frameworks/DiskArbitration.framework/Versions/A/DiskArbitration
0x00007fff5567c000 	/System/Library/PrivateFrameworks/MultitouchSupport.framework/Versions/A/MultitouchSupport
0x00007fff64243000 	/usr/lib/libenergytrace.dylib
0x00007fff31d6b000 	/System/Library/Frameworks/IOKit.framework/Versions/A/IOKit
0x00007fff30356000 	/System/Library/Frameworks/CoreServices.framework/Versions/A/CoreServices
0x00007fff57789000 	/System/Library/PrivateFrameworks/PerformanceAnalysis.framework/Versions/A/PerformanceAnalysis
0x00007fff39824000 	/System/Library/Frameworks/OpenGL.framework/Versions/A/OpenGL
0x00007fff2dffd000 	/System/Library/Frameworks/ColorSync.framework/Versions/A/ColorSync
0x00007fff2fa6f000 	/System/Library/Frameworks/CoreImage.framework/Versions/A/CoreImage
0x00007fff30dcc000 	/System/Library/Frameworks/CoreText.framework/Versions/A/CoreText
0x00007fff31e96000 	/System/Library/Frameworks/ImageIO.framework/Versions/A/ImageIO
0x00007fff6379f000 	/usr/lib/libc++.1.dylib
0x00007fff6381b000 	/usr/lib/libcompression.dylib
0x00007fff63333000 	/usr/lib/libMobileGestalt.dylib
0x00007fff5ee43000 	/System/Library/PrivateFrameworks/TextureIO.framework/Versions/A/TextureIO
0x00007fff63620000 	/usr/lib/libate.dylib
0x00007fff53870000 	/System/Library/PrivateFrameworks/InternationalSupport.framework/Versions/A/InternationalSupport
0x00007fff66460000 	/usr/lib/system/libcache.dylib
0x00007fff66466000 	/usr/lib/system/libcommonCrypto.dylib
0x00007fff66472000 	/usr/lib/system/libcompiler_rt.dylib
0x00007fff6647a000 	/usr/lib/system/libcopyfile.dylib
0x00007fff66484000 	/usr/lib/system/libcorecrypto.dylib
0x00007fff66632000 	/usr/lib/system/libdispatch.dylib
0x00007fff66674000 	/usr/lib/system/libdyld.dylib
0x00007fff666aa000 	/usr/lib/system/libkeymgr.dylib
0x00007fff666b8000 	/usr/lib/system/liblaunch.dylib
0x00007fff666b9000 	/usr/lib/system/libmacho.dylib
0x00007fff666bf000 	/usr/lib/system/libquarantine.dylib
0x00007fff666c2000 	/usr/lib/system/libremovefile.dylib
0x00007fff666c4000 	/usr/lib/system/libsystem_asl.dylib
0x00007fff666dc000 	/usr/lib/system/libsystem_blocks.dylib
0x00007fff666dd000 	/usr/lib/system/libsystem_c.dylib
0x00007fff66765000 	/usr/lib/system/libsystem_configuration.dylib
0x00007fff66769000 	/usr/lib/system/libsystem_coreservices.dylib
0x00007fff6676d000 	/usr/lib/system/libsystem_darwin.dylib
0x00007fff66776000 	/usr/lib/system/libsystem_dnssd.dylib
0x00007fff6677e000 	/usr/lib/system/libsystem_featureflags.dylib
0x00007fff66780000 	/usr/lib/system/libsystem_info.dylib
0x00007fff667fb000 	/usr/lib/system/libsystem_m.dylib
0x00007fff66843000 	/usr/lib/system/libsystem_malloc.dylib
0x00007fff6686b000 	/usr/lib/system/libsystem_networkextension.dylib
0x00007fff66879000 	/usr/lib/system/libsystem_notify.dylib
0x00007fff66898000 	/usr/lib/system/libsystem_sandbox.dylib
0x00007fff6689d000 	/usr/lib/system/libsystem_secinit.dylib
0x00007fff667ce000 	/usr/lib/system/libsystem_kernel.dylib
0x00007fff66883000 	/usr/lib/system/libsystem_platform.dylib
0x00007fff6688d000 	/usr/lib/system/libsystem_pthread.dylib
0x00007fff668a0000 	/usr/lib/system/libsystem_symptoms.dylib
0x00007fff668a8000 	/usr/lib/system/libsystem_trace.dylib
0x00007fff668c0000 	/usr/lib/system/libunwind.dylib
0x00007fff668c6000 	/usr/lib/system/libxpc.dylib
0x00007fff637f3000 	/usr/lib/libc++abi.dylib
0x00007fff645f1000 	/usr/lib/liblzma.5.dylib
0x00007fff6426b000 	/usr/lib/libfakelink.dylib
0x00007fff635ad000 	/usr/lib/libarchive.2.dylib
0x00007fff3c75f000 	/System/Library/Frameworks/SystemConfiguration.framework/Versions/A/SystemConfiguration
0x00007fff62f22000 	/usr/lib/libCRFSuite.dylib
0x00007fff2d703000 	/System/Library/Frameworks/CFNetwork.framework/Versions/A/CFNetwork
0x00007fff63781000 	/usr/lib/libbsm.0.dylib
0x00007fff666ab000 	/usr/lib/system/libkxld.dylib
0x00007fff42273000 	/System/Library/PrivateFrameworks/AppleFSCompression.framework/Versions/A/AppleFSCompression
0x00007fff63b02000 	/usr/lib/libcoretls.dylib
0x00007fff63b19000 	/usr/lib/libcoretls_cfhelpers.dylib
0x00007fff65352000 	/usr/lib/libpam.2.dylib
0x00007fff65485000 	/usr/lib/libsqlite3.dylib
0x00007fff658c8000 	/usr/lib/libxar.1.dylib
0x00007fff63792000 	/usr/lib/libbz2.1.0.dylib
0x00007fff6428c000 	/usr/lib/libiconv.2.dylib
0x00007fff63808000 	/usr/lib/libcharset.1.dylib
0x00007fff64df9000 	/usr/lib/libnetwork.dylib
0x00007fff65359000 	/usr/lib/libpcap.A.dylib
0x00007fff63562000 	/usr/lib/libapple_nghttp2.dylib
0x00007fff3070d000 	/System/Library/Frameworks/CoreServices.framework/Versions/A/Frameworks/FSEvents.framework/Versions/A/FSEvents
0x00007fff303dd000 	/System/Library/Frameworks/CoreServices.framework/Versions/A/Frameworks/CarbonCore.framework/Versions/A/CarbonCore
0x00007fff30950000 	/System/Library/Frameworks/CoreServices.framework/Versions/A/Frameworks/Metadata.framework/Versions/A/Metadata
0x00007fff309e9000 	/System/Library/Frameworks/CoreServices.framework/Versions/A/Frameworks/OSServices.framework/Versions/A/OSServices
0x00007fff30a17000 	/System/Library/Frameworks/CoreServices.framework/Versions/A/Frameworks/SearchKit.framework/Versions/A/SearchKit
0x00007fff30357000 	/System/Library/Frameworks/CoreServices.framework/Versions/A/Frameworks/AE.framework/Versions/A/AE
0x00007fff30716000 	/System/Library/Frameworks/CoreServices.framework/Versions/A/Frameworks/LaunchServices.framework/Versions/A/LaunchServices
0x00007fff306bf000 	/System/Library/Frameworks/CoreServices.framework/Versions/A/Frameworks/DictionaryServices.framework/Versions/A/DictionaryServices
0x00007fff30a7f000 	/System/Library/Frameworks/CoreServices.framework/Versions/A/Frameworks/SharedFileList.framework/Versions/A/SharedFileList
0x00007fff35678000 	/System/Library/Frameworks/NetFS.framework/Versions/A/NetFS
0x00007fff55bac000 	/System/Library/PrivateFrameworks/NetAuth.framework/Versions/A/NetAuth
0x00007fff62bbf000 	/System/Library/PrivateFrameworks/login.framework/Versions/A/Frameworks/loginsupport.framework/Versions/A/loginsupport
0x00007fff5e93e000 	/System/Library/PrivateFrameworks/TCC.framework/Versions/A/TCC
0x00007fff46e5e000 	/System/Library/PrivateFrameworks/CoreNLP.framework/Versions/A/CoreNLP
0x00007fff550ac000 	/System/Library/PrivateFrameworks/MetadataUtilities.framework/Versions/A/MetadataUtilities
0x00007fff646c9000 	/usr/lib/libmecabra.dylib
0x00007fff64621000 	/usr/lib/libmecab.dylib
0x00007fff6427c000 	/usr/lib/libgermantok.dylib
0x00007fff63549000 	/usr/lib/libThaiTokenizer.dylib
0x00007fff62f5a000 	/usr/lib/libChineseTokenizer.dylib
0x00007fff2ad25000 	/System/Library/Frameworks/Accelerate.framework/Versions/A/Frameworks/vImage.framework/Versions/A/vImage
0x00007fff2bfc8000 	/System/Library/Frameworks/Accelerate.framework/Versions/A/Frameworks/vecLib.framework/Versions/A/vecLib
0x00007fff2bf0c000 	/System/Library/Frameworks/Accelerate.framework/Versions/A/Frameworks/vecLib.framework/Versions/A/libvMisc.dylib
0x00007fff2bd32000 	/System/Library/Frameworks/Accelerate.framework/Versions/A/Frameworks/vecLib.framework/Versions/A/libvDSP.dylib
0x00007fff2b391000 	/System/Library/Frameworks/Accelerate.framework/Versions/A/Frameworks/vecLib.framework/Versions/A/libBLAS.dylib
0x00007fff2b8ec000 	/System/Library/Frameworks/Accelerate.framework/Versions/A/Frameworks/vecLib.framework/Versions/A/libLAPACK.dylib
0x00007fff2bc92000 	/System/Library/Frameworks/Accelerate.framework/Versions/A/Frameworks/vecLib.framework/Versions/A/libLinearAlgebra.dylib
0x00007fff2bd1f000 	/System/Library/Frameworks/Accelerate.framework/Versions/A/Frameworks/vecLib.framework/Versions/A/libSparseBLAS.dylib
0x00007fff2bca8000 	/System/Library/Frameworks/Accelerate.framework/Versions/A/Frameworks/vecLib.framework/Versions/A/libQuadrature.dylib
0x00007fff2b5fb000 	/System/Library/Frameworks/Accelerate.framework/Versions/A/Frameworks/vecLib.framework/Versions/A/libBNNS.dylib
0x00007fff2bcae000 	/System/Library/Frameworks/Accelerate.framework/Versions/A/Frameworks/vecLib.framework/Versions/A/libSparse.dylib
0x00007fff53c2f000 	/System/Library/PrivateFrameworks/LanguageModeling.framework/Versions/A/LanguageModeling
0x00007fff467fa000 	/System/Library/PrivateFrameworks/CoreEmoji.framework/Versions/A/CoreEmoji
0x00007fff53d4d000 	/System/Library/PrivateFrameworks/LinguisticData.framework/Versions/A/LinguisticData
0x00007fff53cfe000 	/System/Library/PrivateFrameworks/Lexicon.framework/Versions/A/Lexicon
0x00007fff63809000 	/usr/lib/libcmph.dylib
0x00007fff3824a000 	/System/Library/Frameworks/OpenDirectory.framework/Versions/A/Frameworks/CFOpenDirectory.framework/Versions/A/CFOpenDirectory
0x00007fff38267000 	/System/Library/Frameworks/OpenDirectory.framework/Versions/A/OpenDirectory
0x00007fff40534000 	/System/Library/PrivateFrameworks/APFS.framework/Versions/A/APFS
0x00007fff3b910000 	/System/Library/Frameworks/SecurityFoundation.framework/Versions/A/SecurityFoundation
0x00007fff658c4000 	/usr/lib/libutil.dylib
0x00007fff47ae7000 	/System/Library/PrivateFrameworks/CoreServicesStore.framework/Versions/A/CoreServicesStore
0x00007fff3b9c8000 	/System/Library/Frameworks/ServiceManagement.framework/Versions/A/ServiceManagement
0x00007fff43a2a000 	/System/Library/PrivateFrameworks/BackgroundTaskManagement.framework/Versions/A/BackgroundTaskManagement
0x00007fff659c1000 	/usr/lib/libxslt.1.dylib
0x00007fff428d8000 	/System/Library/PrivateFrameworks/AppleSystemInfo.framework/Versions/A/AppleSystemInfo
0x00007fff320b3000 	/System/Library/Frameworks/ImageIO.framework/Versions/A/Resources/libJPEG.dylib
0x00007fff32372000 	/System/Library/Frameworks/ImageIO.framework/Versions/A/Resources/libTIFF.dylib
0x00007fff32355000 	/System/Library/Frameworks/ImageIO.framework/Versions/A/Resources/libPng.dylib
0x00007fff31ff4000 	/System/Library/Frameworks/ImageIO.framework/Versions/A/Resources/libGIF.dylib
0x00007fff31ff8000 	/System/Library/Frameworks/ImageIO.framework/Versions/A/Resources/libJP2.dylib
0x00007fff32370000 	/System/Library/Frameworks/ImageIO.framework/Versions/A/Resources/libRadiance.dylib
0x00007fff64244000 	/usr/lib/libexpat.1.dylib
0x00007fff423ce000 	/System/Library/PrivateFrameworks/AppleJPEG.framework/Versions/A/AppleJPEG
0x00007fff4ad61000 	/System/Library/PrivateFrameworks/FontServices.framework/libFontParser.dylib
0x00007fff61c16000 	/System/Library/PrivateFrameworks/WatchdogClient.framework/Versions/A/WatchdogClient
0x00007fff532bc000 	/System/Library/PrivateFrameworks/IOAccelerator.framework/Versions/A/IOAccelerator
0x00007fff34731000 	/System/Library/Frameworks/MetalPerformanceShaders.framework/Versions/A/MetalPerformanceShaders
0x00007fff4faaf000 	/System/Library/PrivateFrameworks/GPUWrangler.framework/Versions/A/GPUWrangler
0x00007fff532c7000 	/System/Library/PrivateFrameworks/IOPresentment.framework/Versions/A/IOPresentment
0x00007fff487cf000 	/System/Library/PrivateFrameworks/DSExternalDisplay.framework/Versions/A/DSExternalDisplay
0x00007fff38bd0000 	/System/Library/Frameworks/OpenGL.framework/Versions/A/Libraries/libCoreFSCache.dylib
0x00007fff34483000 	/System/Library/Frameworks/MetalPerformanceShaders.framework/Frameworks/MPSCore.framework/Versions/A/MPSCore
0x00007fff344c0000 	/System/Library/Frameworks/MetalPerformanceShaders.framework/Frameworks/MPSImage.framework/Versions/A/MPSImage
0x00007fff34582000 	/System/Library/Frameworks/MetalPerformanceShaders.framework/Frameworks/MPSNeuralNetwork.framework/Versions/A/MPSNeuralNetwork
0x00007fff34547000 	/System/Library/Frameworks/MetalPerformanceShaders.framework/Frameworks/MPSMatrix.framework/Versions/A/MPSMatrix
0x00007fff346e2000 	/System/Library/Frameworks/MetalPerformanceShaders.framework/Frameworks/MPSRayIntersector.framework/Versions/A/MPSRayIntersector
0x00007fff3456c000 	/System/Library/Frameworks/MetalPerformanceShaders.framework/Frameworks/MPSNDArray.framework/Versions/A/MPSNDArray
0x00007fff550f9000 	/System/Library/PrivateFrameworks/MetalTools.framework/Versions/A/MetalTools
0x00007fff416f9000 	/System/Library/PrivateFrameworks/AggregateDictionary.framework/Versions/A/AggregateDictionary
0x00007fff46284000 	/System/Library/PrivateFrameworks/CoreAnalytics.framework/Versions/A/CoreAnalytics
0x00007fff427f6000 	/System/Library/PrivateFrameworks/AppleSauce.framework/Versions/A/AppleSauce
0x00007fff63216000 	/usr/lib/libIOReport.dylib
0x00007fff30f81000 	/System/Library/Frameworks/CoreVideo.framework/Versions/A/CoreVideo
0x00007fff50f1d000 	/System/Library/PrivateFrameworks/GraphVisualizer.framework/Versions/A/GraphVisualizer
0x00007fff4a2e2000 	/System/Library/PrivateFrameworks/FaceCore.framework/Versions/A/FaceCore
0x00007fff381f1000 	/System/Library/Frameworks/OpenCL.framework/Versions/A/OpenCL
0x00007fff63038000 	/usr/lib/libFosl_dynamic.dylib
0x00007fff565a7000 	/System/Library/PrivateFrameworks/OTSVG.framework/Versions/A/OTSVG
0x00007fff2d07e000 	/System/Library/Frameworks/ApplicationServices.framework/Versions/A/Frameworks/ATS.framework/Versions/A/Resources/libFontRegistry.dylib
0x00007fff4af32000 	/System/Library/PrivateFrameworks/FontServices.framework/libhvf.dylib
0x00007fff38bdb000 	/System/Library/Frameworks/OpenGL.framework/Versions/A/Libraries/libGFXShared.dylib
0x00007fff38db8000 	/System/Library/Frameworks/OpenGL.framework/Versions/A/Libraries/libGLU.dylib
0x00007fff38be4000 	/System/Library/Frameworks/OpenGL.framework/Versions/A/Libraries/libGL.dylib
0x00007fff38bef000 	/System/Library/Frameworks/OpenGL.framework/Versions/A/Libraries/libGLImage.dylib
0x00007fff38bcd000 	/System/Library/Frameworks/OpenGL.framework/Versions/A/Libraries/libCVMSPluginSupport.dylib
0x00007fff38bd6000 	/System/Library/Frameworks/OpenGL.framework/Versions/A/Libraries/libCoreVMClient.dylib
0x00007fff64c9b000 	/usr/lib/libncurses.5.4.dylib
0x00007fff2cf7a000 	/System/Library/Frameworks/ApplicationServices.framework/Versions/A/Frameworks/ATS.framework/Versions/A/ATS
0x00007fff2d147000 	/System/Library/Frameworks/ApplicationServices.framework/Versions/A/Frameworks/ColorSyncLegacy.framework/Versions/A/ColorSyncLegacy
0x00007fff2d1e6000 	/System/Library/Frameworks/ApplicationServices.framework/Versions/A/Frameworks/HIServices.framework/Versions/A/HIServices
0x00007fff2d23d000 	/System/Library/Frameworks/ApplicationServices.framework/Versions/A/Frameworks/LangAnalysis.framework/Versions/A/LangAnalysis
0x00007fff2d24c000 	/System/Library/Frameworks/ApplicationServices.framework/Versions/A/Frameworks/PrintCore.framework/Versions/A/PrintCore
0x00007fff2d292000 	/System/Library/Frameworks/ApplicationServices.framework/Versions/A/Frameworks/QD.framework/Versions/A/QD
0x00007fff2d29d000 	/System/Library/Frameworks/ApplicationServices.framework/Versions/A/Frameworks/SpeechSynthesis.framework/Versions/A/SpeechSynthesis
0x00007fff2d117000 	/System/Library/Frameworks/ApplicationServices.framework/Versions/A/Frameworks/ATSUI.framework/Versions/A/ATSUI
0x00007fff640d8000 	/usr/lib/libcups.2.dylib
0x00007fff337e0000 	/System/Library/Frameworks/Kerberos.framework/Versions/A/Kerberos
0x00007fff31a60000 	/System/Library/Frameworks/GSS.framework/Versions/A/GSS
0x00007fff65411000 	/usr/lib/libresolv.9.dylib
0x00007fff510be000 	/System/Library/PrivateFrameworks/Heimdal.framework/Versions/A/Heimdal
0x00007fff337f3000 	/System/Library/Frameworks/Kerberos.framework/Versions/A/Libraries/libHeimdalProxy.dylib
0x00007fff64282000 	/usr/lib/libheimdal-asn1.dylib
0x00007fff4572a000 	/System/Library/PrivateFrameworks/CommonAuth.framework/Versions/A/CommonAuth
0x00007fff42975000 	/System/Library/PrivateFrameworks/AssertionServices.framework/Versions/A/AssertionServices
0x00007fff43518000 	/System/Library/PrivateFrameworks/AudioToolboxCore.framework/Versions/A/AudioToolboxCore
0x00007fff62870000 	/System/Library/PrivateFrameworks/caulk.framework/Versions/A/caulk
0x00007fff43ad6000 	/System/Library/PrivateFrameworks/BaseBoard.framework/Versions/A/BaseBoard
0x00007fff5a6cc000 	/System/Library/PrivateFrameworks/RunningBoardServices.framework/Versions/A/RunningBoardServices
0x00007fff57795000 	/System/Library/PrivateFrameworks/PersistentConnection.framework/Versions/A/PersistentConnection
0x00007fff5a11b000 	/System/Library/PrivateFrameworks/ProtocolBuffer.framework/Versions/A/ProtocolBuffer
0x00007fff4574f000 	/System/Library/PrivateFrameworks/CommonUtilities.framework/Versions/A/CommonUtilities
0x00007fff43c59000 	/System/Library/PrivateFrameworks/Bom.framework/Versions/A/Bom
0x00007fff62ee5000 	/usr/lib/libAudioToolboxUtility.dylib
0x00007fff43a34000 	/System/Library/PrivateFrameworks/Backup.framework/Versions/A/Backup
0x00007fff4853f000 	/System/Library/PrivateFrameworks/CrashReporterSupport.framework/Versions/A/CrashReporterSupport
0x00007fff5c1c8000 	/System/Library/PrivateFrameworks/Sharing.framework/Versions/A/Sharing
0x00007fff42119000 	/System/Library/PrivateFrameworks/Apple80211.framework/Versions/A/Apple80211
0x00007fff43756000 	/System/Library/PrivateFrameworks/AuthKit.framework/Versions/A/AuthKit
0x00007fff4826f000 	/System/Library/PrivateFrameworks/CoreUtils.framework/Versions/A/CoreUtils
0x00007fff30fc6000 	/System/Library/Frameworks/CoreWLAN.framework/Versions/A/CoreWLAN
0x00007fff31bec000 	/System/Library/Frameworks/IOBluetooth.framework/Versions/A/IOBluetooth
0x00007fff553f7000 	/System/Library/PrivateFrameworks/MobileKeyBag.framework/Versions/A/MobileKeyBag
0x00007fff4733a000 	/System/Library/PrivateFrameworks/CorePhoneNumbers.framework/Versions/A/CorePhoneNumbers
0x00007fff42381000 	/System/Library/PrivateFrameworks/AppleIDAuthSupport.framework/Versions/A/AppleIDAuthSupport
0x00007fff35685000 	/System/Library/Frameworks/Network.framework/Versions/A/Network
0x00007fff53ab7000 	/System/Library/PrivateFrameworks/KeychainCircle.framework/Versions/A/KeychainCircle
0x00007fff2ea3a000 	/System/Library/Frameworks/CoreBluetooth.framework/Versions/A/CoreBluetooth
0x00007fff5de44000 	/System/Library/PrivateFrameworks/SpeechRecognitionCore.framework/Versions/A/SpeechRecognitionCore
0x0000000106800000 	/Library/Java/JavaVirtualMachines/jdk-10.0.2.jdk/Contents/Home/lib/server/libjvm.dylib
0x00007fff65796000 	/usr/lib/libstdc++.6.dylib
0x0000000105661000 	/Library/Java/JavaVirtualMachines/jdk-10.0.2.jdk/Contents/Home/lib/libverify.dylib
0x000000010566e000 	/Library/Java/JavaVirtualMachines/jdk-10.0.2.jdk/Contents/Home/lib/libjava.dylib
0x00000001056bc000 	/Library/Java/JavaVirtualMachines/jdk-10.0.2.jdk/Contents/Home/lib/libjdwp.dylib
0x00000001056f9000 	/Library/Java/JavaVirtualMachines/jdk-10.0.2.jdk/Contents/Home/lib/libinstrument.dylib
0x000000010578d000 	/Library/Java/JavaVirtualMachines/jdk-10.0.2.jdk/Contents/Home/lib/libzip.dylib
0x0000000105795000 	/Library/Java/JavaVirtualMachines/jdk-10.0.2.jdk/Contents/Home/lib/libjimage.dylib
0x0000000112240000 	/Library/Java/JavaVirtualMachines/jdk-10.0.2.jdk/Contents/Home/lib/libdt_socket.dylib
0x0000000112206000 	/Library/Java/JavaVirtualMachines/jdk-10.0.2.jdk/Contents/Home/lib/libnio.dylib
0x0000000112216000 	/Library/Java/JavaVirtualMachines/jdk-10.0.2.jdk/Contents/Home/lib/libnet.dylib
0x00000001057e6000 	/Library/Java/JavaVirtualMachines/jdk-10.0.2.jdk/Contents/Home/lib/libmanagement.dylib
0x00000001057eb000 	/Library/Java/JavaVirtualMachines/jdk-10.0.2.jdk/Contents/Home/lib/libmanagement_ext.dylib


VM Arguments:
jvm_args: -agentlib:jdwp=transport=dt_socket,address=127.0.0.1:59086,suspend=y,server=n -ea -Didea.test.cyclic.buffer.size=1048576 -javaagent:/Users/axelbreiterman/Library/Caches/IntelliJIdea2019.1/captureAgent/debugger-agent.jar -Dfile.encoding=UTF-8 
java_command: com.intellij.rt.execution.junit.JUnitStarter -ideVersion5 -junit5 com.axelynicky.menu_service.MenuServiceApplicationTests
java_class_path (initial): /Applications/IntelliJ IDEA.app/Contents/lib/idea_rt.jar:/Applications/IntelliJ IDEA.app/Contents/plugins/junit/lib/junit-rt.jar:/Applications/IntelliJ IDEA.app/Contents/plugins/junit/lib/junit5-rt.jar:/Users/axelbreiterman/.m2/repository/org/junit/platform/junit-platform-launcher/1.5.2/junit-platform-launcher-1.5.2.jar:/Users/axelbreiterman/.m2/repository/org/apiguardian/apiguardian-api/1.1.0/apiguardian-api-1.1.0.jar:/Users/axelbreiterman/.m2/repository/org/junit/platform/junit-platform-engine/1.5.2/junit-platform-engine-1.5.2.jar:/Users/axelbreiterman/.m2/repository/org/opentest4j/opentest4j/1.2.0/opentest4j-1.2.0.jar:/Users/axelbreiterman/.m2/repository/org/junit/platform/junit-platform-commons/1.5.2/junit-platform-commons-1.5.2.jar:/Users/axelbreiterman/.m2/repository/org/junit/vintage/junit-vintage-engine/5.5.2/junit-vintage-engine-5.5.2.jar:/Users/axelbreiterman/.m2/repository/junit/junit/4.12/junit-4.12.jar:/Users/axelbreiterman/.m2/repository/org/hamcrest/hamcrest-core/1.3/hamcrest-core-1.3.jar:/Users/axelbreiterman/Documents/Proyectos/Resto/menu_service/target/test-classes:/Users/axelbreiterman/Documents/Proyectos/Resto/menu_service/target/classes:/Users/axelbreiterman/.m2/repository/org/springframework/boot/spring-boot-starter-data-jpa/2.2.5.RELEASE/spring-boot-starter-data-jpa-2.2.5.RELEASE.jar:/Users/axelbreiterman/.m2/repository/org/springframework/boot/spring-boot-starter-aop/2.2.5.RELEASE/spring-boot-starter-aop-2.2.5.RELEASE.jar:/Users/axelbreiterman/.m2/repository/org/springframework/spring-aop/5.2.4.RELEASE/spring-aop-5.2.4.RELEASE.jar:/Users/axelbreiterman/.m2/repository/org/aspectj/aspectjweaver/1.9.5/aspectjweaver-1.9.5.jar:/Users/axelbreiterman/.m2/repository/org/springframework/boot/spring-boot-starter-jdbc/2.2.5.RELEASE/spring-boot-starter-jdbc-2.2.5.RELEASE.jar:/Users/axelbreiterman/.m2/repository/com/zaxxer/HikariCP/3.4.2/HikariCP-3.4.2.jar:/Users/axelbreiterman/.m2/repository/org/springframework/spring-jdbc/5.
Launcher Type: SUN_STANDARD

Logging:
Log output configuration:
#0: stdout all=warning uptime,level,tags
#1: stderr all=off uptime,level,tags

Environment Variables:
PATH=/Users/axelbreiterman/.nvm/versions/node/v12.2.0/bin:/usr/local/bin:/usr/bin:/bin:/usr/sbin:/sbin:/usr/local/go/bin:/Library/Frameworks/Mono.framework/Versions/Current/Commands
SHELL=/bin/zsh

Signal Handlers:
SIGSEGV: [libjvm.dylib+0x79ac14], sa_mask[0]=11111111011111110111111111111111, sa_flags=SA_ONSTACK|SA_RESTART|SA_SIGINFO
SIGBUS: [libjvm.dylib+0x79ac14], sa_mask[0]=11111111011111110111111111111111, sa_flags=SA_RESTART|SA_SIGINFO
SIGFPE: [libjvm.dylib+0x79ac14], sa_mask[0]=11111111011111110111111111111111, sa_flags=SA_RESTART|SA_SIGINFO
SIGPIPE: [libjvm.dylib+0x635960], sa_mask[0]=11111111011111110111111111111111, sa_flags=SA_RESTART|SA_SIGINFO
SIGXFSZ: [libjvm.dylib+0x635960], sa_mask[0]=11111111011111110111111111111111, sa_flags=SA_RESTART|SA_SIGINFO
SIGILL: [libjvm.dylib+0x79ac14], sa_mask[0]=11111111011111110111111111111111, sa_flags=SA_RESTART|SA_SIGINFO
SIGUSR2: [libjvm.dylib+0x6361f0], sa_mask[0]=00100000000000000000000000000000, sa_flags=SA_RESTART|SA_SIGINFO
SIGHUP: [libjvm.dylib+0x6349db], sa_mask[0]=11111111011111110111111111111111, sa_flags=SA_RESTART|SA_SIGINFO
SIGINT: [libjvm.dylib+0x6349db], sa_mask[0]=11111111011111110111111111111111, sa_flags=SA_RESTART|SA_SIGINFO
SIGTERM: [libjvm.dylib+0x6349db], sa_mask[0]=11111111011111110111111111111111, sa_flags=SA_RESTART|SA_SIGINFO
SIGQUIT: [libjvm.dylib+0x6349db], sa_mask[0]=11111111011111110111111111111111, sa_flags=SA_RESTART|SA_SIGINFO


---------------  S Y S T E M  ---------------

OS:uname:Darwin 19.3.0 Darwin Kernel Version 19.3.0: Thu Jan  9 20:58:23 PST 2020; root:xnu-6153.81.5~1/RELEASE_X86_64 x86_64
rlimit: STACK 8192k, CORE 0k, NPROC 2784, NOFILE 10240, AS infinity, DATA infinity, FSIZE infinity
load average:2.13 2.26 2.35

CPU:total 8 (initial active 8) (4 cores per cpu, 2 threads per core) family 6 model 70 stepping 1, cmov, cx8, fxsr, mmx, sse, sse2, sse3, ssse3, sse4.1, sse4.2, popcnt, avx, avx2, aes, clmul, erms, lzcnt, ht, tsc, tscinvbit, bmi1, bmi2, fma

Memory: 4k page, physical 16777216k(784264k free)

vm_info: Java HotSpot(TM) 64-Bit Server VM (10.0.2+13) for bsd-amd64 JRE (10.0.2+13), built on Jun 28 2018 00:49:51 by "mach5one" with gcc 4.2.1 Compatible Apple LLVM 6.1.0 (clang-602.0.49)

END.
